Compilación iniciada a las 27/09/2018 19:22:53.
     1>Proyecto "J:\Proyectos VS\Silabas\Silabas.vcxproj" en el nodo 2 (Build destinos).
     1>Compilando con la versión de herramientas "15.0".
       Se omitió el destino "EnableIntermediateOutputPathMismatchWarning" debido a una condición falsa (False); ('$(RestoreProjectStyle)' == 'PackageReference') se evaluó como ('' == 'PackageReference').
     1>Destino "_CheckForInvalidConfigurationAndPlatform" en el archivo "C:\Program Files (x86)\Microsoft Visual Studio\2017\Community\MSBuild\15.0\Bin\Microsoft.Common.CurrentVersion.targets" del proyecto "J:\Proyectos VS\Silabas\Silabas.vcxproj" (el destino "SetTelemetryEnvironmentVariables" depende de él):
       Se omitió la tarea "Error" debido a una condición falsa (False); ( '$(_InvalidConfigurationError)' == 'true' ) se evaluó como ( '' == 'true' ).
       Se omitió la tarea "Warning" debido a una condición falsa (False); ( '$(_InvalidConfigurationWarning)' == 'true' ) se evaluó como ( '' == 'true' ).
       Usando la tarea "Message" del ensamblado "Microsoft.Build.Tasks.Core, Version=15.1.0.0, Culture=neutral, PublicKeyToken=b03f5f7f11d50a3a".
       Tarea "Message"
         Configuration=Debug
       Ejecución de la tarea "Message" terminada.
       Tarea "Message"
         Platform=Win32
       Ejecución de la tarea "Message" terminada.
       Se omitió la tarea "Error" debido a una condición falsa (False); ('$(OutDir)' != '' and !HasTrailingSlash('$(OutDir)')) se evaluó como ('J:\Proyectos VS\Silabas\Debug\' != '' and !HasTrailingSlash('J:\Proyectos VS\Silabas\Debug\')).
       Se omitió la tarea "Error" debido a una condición falsa (False); ('$(BaseIntermediateOutputPath)' != '' and !HasTrailingSlash('$(BaseIntermediateOutputPath)')) se evaluó como ('obj\' != '' and !HasTrailingSlash('obj\')).
       Se omitió la tarea "Error" debido a una condición falsa (False); ('$(IntermediateOutputPath)' != '' and !HasTrailingSlash('$(IntermediateOutputPath)')) se evaluó como ('Debug\' != '' and !HasTrailingSlash('Debug\')).
       Se omitió la tarea "Error" debido a una condición falsa (False); ( '$(_InitialMSBuildProjectExtensionsPath)' != '' And '$(MSBuildProjectExtensionsPath)' != '$(_InitialMSBuildProjectExtensionsPath)' ) se evaluó como ( 'J:\Proyectos VS\Silabas\obj\' != '' And 'J:\Proyectos VS\Silabas\obj\' != 'J:\Proyectos VS\Silabas\obj\' ).
       Se omitió la tarea "Warning" debido a una condición falsa (False); ( '$(EnableBaseIntermediateOutputPathMismatchWarning)' == 'true' And '$(_InitialBaseIntermediateOutputPath)' != '$(BaseIntermediateOutputPath)' And '$(BaseIntermediateOutputPath)' != '$(MSBuildProjectExtensionsPath)' ) se evaluó como ( '' == 'true' And 'obj\' != 'obj\' And 'obj\' != 'J:\Proyectos VS\Silabas\obj\' ).
     1>Compilación terminada del destino "_CheckForInvalidConfigurationAndPlatform" en el proyecto "Silabas.vcxproj".
       Se omitió el destino "_CheckForInvalidConfigurationAndPlatform". Compilado previamente de forma correcta.
     1>Destino "SetTelemetryEnvironmentVariables" en el archivo "C:\Program Files (x86)\Microsoft Visual Studio\2017\Community\Common7\IDE\VC\VCTargets\Microsoft.Cpp.DesignTime.targets" del proyecto "J:\Proyectos VS\Silabas\Silabas.vcxproj" (el destino "Build" depende de él):
       Usando la tarea "SetEnv" del ensamblado "C:\Program Files (x86)\Microsoft Visual Studio\2017\Community\Common7\IDE\VC\VCTargets\Microsoft.Build.CppTasks.Common.dll".
       Tarea "SetEnv"
         VSTEL_SolutionSessionID={A9C74AA3-C9A8-4063-A09E-0763DAD57F81}
       Ejecución de la tarea "SetEnv" terminada.
       Tarea "SetEnv"
         VSTEL_CurrentSolutionBuildID=41100703
       Ejecución de la tarea "SetEnv" terminada.
       Tarea "SetEnv"
         VSTEL_ProjectID={19D935CD-3182-44D9-887A-7142DCFCEFB2}
       Ejecución de la tarea "SetEnv" terminada.
     1>Compilación terminada del destino "SetTelemetryEnvironmentVariables" en el proyecto "Silabas.vcxproj".
     1>Destino "_PrepareForBuild" en el archivo "C:\Program Files (x86)\Microsoft Visual Studio\2017\Community\Common7\IDE\VC\VCTargets\Microsoft.BuildSteps.Targets" del proyecto "J:\Proyectos VS\Silabas\Silabas.vcxproj" (el destino "Build" depende de él):
       Se omitió la tarea "CreateItem" debido a una condición falsa (False); ('%(CustomBuild.IncludeFileToTool)'!='') se evaluó como (''!='').
     1>Compilación terminada del destino "_PrepareForBuild" en el proyecto "Silabas.vcxproj".
     1>Destino "_PrepareForReferenceResolution" en el archivo "C:\Program Files (x86)\Microsoft Visual Studio\2017\Community\Common7\IDE\VC\VCTargets\Microsoft.CppBuild.targets" del proyecto "J:\Proyectos VS\Silabas\Silabas.vcxproj" (el destino "ResolveReferences" depende de él):
       Se omitió la tarea "Message" debido a una condición falsa (False); ('$(_REFERENCE_DEBUG)'=='true') se evaluó como (''=='true').
     1>Compilación terminada del destino "_PrepareForReferenceResolution" en el proyecto "Silabas.vcxproj".
       Se omitió el destino "ComputeCrtSDKReference" debido a una condición falsa (False); ('@(ClCompile)'!='' and '$(WindowsAppContainer)'=='true' and '$(UseCrtSDKReference)' != 'false') se evaluó como ('main.cpp'!='' and 'false'=='true' and '' != 'false').
     1>Destino "BeforeResolveReferences" en el archivo "C:\Program Files (x86)\Microsoft Visual Studio\2017\Community\MSBuild\15.0\Bin\Microsoft.Common.CurrentVersion.targets" del proyecto "J:\Proyectos VS\Silabas\Silabas.vcxproj" (el destino "ResolveReferences" depende de él):
     1>Compilación terminada del destino "BeforeResolveReferences" en el proyecto "Silabas.vcxproj".
     1>Destino "AssignProjectConfiguration" en el archivo "C:\Program Files (x86)\Microsoft Visual Studio\2017\Community\MSBuild\15.0\Bin\Microsoft.Common.CurrentVersion.targets" del proyecto "J:\Proyectos VS\Silabas\Silabas.vcxproj" (el destino "ResolveReferences" depende de él):
       Usando la tarea "AssignProjectConfiguration" del ensamblado "Microsoft.Build.Tasks.Core, Version=15.1.0.0, Culture=neutral, PublicKeyToken=b03f5f7f11d50a3a".
       Tarea "AssignProjectConfiguration"
       Ejecución de la tarea "AssignProjectConfiguration" terminada.
     1>Compilación terminada del destino "AssignProjectConfiguration" en el proyecto "Silabas.vcxproj".
       Se omitió el destino "AssignProjectConfiguration". Compilado previamente de forma correcta.
     1>Destino "_SplitProjectReferencesByFileExistence" en el archivo "C:\Program Files (x86)\Microsoft Visual Studio\2017\Community\MSBuild\15.0\Bin\Microsoft.Common.CurrentVersion.targets" del proyecto "J:\Proyectos VS\Silabas\Silabas.vcxproj" (el destino "PrepareProjectReferences" depende de él):
       Se omitió la tarea "ResolveNonMSBuildProjectOutput" debido a una condición falsa (False); ('$(BuildingInsideVisualStudio)'=='true' and '@(ProjectReferenceWithConfiguration)'!='') se evaluó como ('true'=='true' and ''!='').
     1>Compilación terminada del destino "_SplitProjectReferencesByFileExistence" en el proyecto "Silabas.vcxproj".
     1>Destino "_GetProjectReferenceTargetFrameworkProperties" en el archivo "C:\Program Files (x86)\Microsoft Visual Studio\2017\Community\MSBuild\15.0\Bin\Microsoft.Common.CurrentVersion.targets" del proyecto "J:\Proyectos VS\Silabas\Silabas.vcxproj" (el destino "PrepareProjectReferences" depende de él):
       Usando la tarea "MSBuild" del ensamblado "Microsoft.Build.Tasks.Core, Version=15.1.0.0, Culture=neutral, PublicKeyToken=b03f5f7f11d50a3a".
       Tarea "MSBuild"
       Ejecución de la tarea "MSBuild" terminada.
       Se omitió la tarea "GetReferenceNearestTargetFrameworkTask" debido a una condición falsa (False); ('@(_ProjectReferenceTargetFrameworkPossibilities->Count())' != '0' and '$(ReferringTargetFrameworkForProjectReferences)' != '') se evaluó como ('0' != '0' and '.NETFramework,Version=v4.0' != '').
     1>Compilación terminada del destino "_GetProjectReferenceTargetFrameworkProperties" en el proyecto "Silabas.vcxproj".
     1>Destino "PrepareProjectReferences" en el archivo "C:\Program Files (x86)\Microsoft Visual Studio\2017\Community\MSBuild\15.0\Bin\Microsoft.Common.CurrentVersion.targets" del proyecto "J:\Proyectos VS\Silabas\Silabas.vcxproj" (el destino "ResolveProjectReferences" depende de él):
     1>Compilación terminada del destino "PrepareProjectReferences" en el proyecto "Silabas.vcxproj".
       Se omitió el destino "_RemoveNameMetadataFromProjectReferenceItems" debido a una condición falsa (False); ('@(ProjectReference)'!='') se evaluó como (''!='').
     1>Destino "ResolveProjectReferences" en el archivo "C:\Program Files (x86)\Microsoft Visual Studio\2017\Community\MSBuild\15.0\Bin\Microsoft.Common.CurrentVersion.targets" del proyecto "J:\Proyectos VS\Silabas\Silabas.vcxproj" (el destino "ResolveReferences" depende de él):
       Se omitió la tarea "MSBuild" debido a una condición falsa (False); ('%(_MSBuildProjectReferenceExistent.BuildReference)' == 'true' and '@(ProjectReferenceWithConfiguration)' != '' and ('$(BuildingInsideVisualStudio)' == 'true' or '$(BuildProjectReferences)' != 'true') and '$(VisualStudioVersion)' != '10.0' and '@(_MSBuildProjectReferenceExistent)' != '') se evaluó como ('' == 'true' and '' != '' and ('true' == 'true' or 'true' != 'true') and '15.0' != '10.0' and '' != '').
       Se omitió la tarea "MSBuild" debido a una condición falsa (False); ('%(_MSBuildProjectReferenceExistent.BuildReference)' == 'true' and '@(ProjectReferenceWithConfiguration)' != '' and ('$(BuildingInsideVisualStudio)' == 'true' or '$(BuildProjectReferences)' != 'true') and '$(VisualStudioVersion)' == '10.0' and '@(_MSBuildProjectReferenceExistent)' != '') se evaluó como ('' == 'true' and '' != '' and ('true' == 'true' or 'true' != 'true') and '15.0' == '10.0' and '' != '').
       Se omitió la tarea "MSBuild" debido a una condición falsa (False); ('%(_MSBuildProjectReferenceExistent.BuildReference)' == 'true' and '@(ProjectReferenceWithConfiguration)' != '' and '$(BuildingInsideVisualStudio)' != 'true' and '$(BuildProjectReferences)' == 'true' and '@(_MSBuildProjectReferenceExistent)' != '') se evaluó como ('' == 'true' and '' != '' and 'true' != 'true' and 'true' == 'true' and '' != '').
       Se omitió la tarea "MSBuild" debido a una condición falsa (False); ('%(_MSBuildProjectReferenceExistent.BuildReference)' == 'true' and '@(ProjectReferenceWithConfiguration)' != '' and '$(BuildingProject)' == 'true' and '@(_MSBuildProjectReferenceExistent)' != '') se evaluó como ('' == 'true' and '' != '' and 'true' == 'true' and '' != '').
       Se omitió la tarea "Warning" debido a una condición falsa (False); ('@(ProjectReferenceWithConfiguration)' != '' and '@(_MSBuildProjectReferenceNonexistent)' != '') se evaluó como ('' != '' and '' != '').
     1>Compilación terminada del destino "ResolveProjectReferences" en el proyecto "Silabas.vcxproj".
       Se omitió el destino "FindInvalidProjectReferences" debido a una condición falsa (False); ('$(FindInvalidProjectReferences)' == 'true') se evaluó como ('' == 'true').
       Se omitió el destino "ResolveNativeReferences" debido a una condición falsa (False); ('@(NativeReference)'!='') se evaluó como (''!='').
       Se omitió el destino "_PrepareForReferenceResolution". Compilado previamente de forma correcta.
     1>Destino "GetFrameworkPaths" en el archivo "C:\Program Files (x86)\Microsoft Visual Studio\2017\Community\MSBuild\15.0\Bin\Microsoft.NETFramework.CurrentVersion.targets" del proyecto "J:\Proyectos VS\Silabas\Silabas.vcxproj" (el destino "ResolveAssemblyReferences" depende de él):
     1>Compilación terminada del destino "GetFrameworkPaths" en el proyecto "Silabas.vcxproj".
       Se omitió el destino "_PrepareForReferenceResolution". Compilado previamente de forma correcta.
       Se omitió el destino "GetWinFXPath" debido a una condición falsa (False); (('@(Page)' != '' or '@(ApplicationDefinition)' != '' or '@(Resource)' != '') and ('$(GetWinFXNativePath)' != '' or '$(GetWinFXWoWPath)' != '' )) se evaluó como (('' != '' or '' != '' or '' != '') and ('' != '' or '' != '' )).
     1>Destino "GetReferenceAssemblyPaths" en el archivo "C:\Program Files (x86)\Microsoft Visual Studio\2017\Community\MSBuild\15.0\Bin\Microsoft.Common.CurrentVersion.targets" del proyecto "J:\Proyectos VS\Silabas\Silabas.vcxproj" (el destino "ResolveAssemblyReferences" depende de él):
       Se omitió la tarea "GetReferenceAssemblyPaths" debido a una condición falsa (False); ('$(TargetFrameworkMoniker)' != '' and ('$(_TargetFrameworkDirectories)' == '' or '$(_FullFrameworkReferenceAssemblyPaths)' == '')) se evaluó como ('' != '' and ('C:\Program Files (x86)\Reference Assemblies\Microsoft\Framework\.NETFramework\v4.0' == '' or 'C:\Program Files (x86)\Reference Assemblies\Microsoft\Framework\.NETFramework\v4.0' == '')).
     1>Compilación terminada del destino "GetReferenceAssemblyPaths" en el proyecto "Silabas.vcxproj".
     1>Destino "SetBuildDefaultEnvironmentVariables" en el archivo "C:\Program Files (x86)\Microsoft Visual Studio\2017\Community\Common7\IDE\VC\VCTargets\Microsoft.Cpp.Current.targets" del proyecto "J:\Proyectos VS\Silabas\Silabas.vcxproj" (el destino "PrepareForBuild" depende de él):
       Tarea "SetEnv"
         PATH=C:\Program Files (x86)\Microsoft Visual Studio\2017\Community\VC\Tools\MSVC\14.14.26428\bin\HostX86\x86;C:\Program Files (x86)\Windows Kits\10\bin\10.0.17134.0\x86;;C:\Program Files (x86)\Microsoft SDKs\Windows\v10.0A\bin\NETFX 4.6.1 Tools;C:\Program Files (x86)\Microsoft Visual Studio\2017\Community\Common7\tools;C:\Program Files (x86)\Microsoft Visual Studio\2017\Community\Common7\ide;C:\Program Files (x86)\HTML Help Workshop;;C:\Program Files (x86)\Microsoft Visual Studio\2017\Community\MSBuild\15.0\Bin;C:\Windows\Microsoft.NET\Framework\v4.0.30319\;C:\Windows\SysWow64;;C:\Program Files (x86)\Common Files\Oracle\Java\javapath;C:\Python27\;C:\Python27\Scripts;C:\ProgramData\Oracle\Java\javapath;C:\Windows\system32;C:\Windows;C:\Windows\System32\Wbem;C:\Windows\System32\WindowsPowerShell\v1.0\;C:\Program Files\Git\cmd;C:\Users\Jose Miguel Guzmán\AppData\Local\Microsoft\WindowsApps;
       Ejecución de la tarea "SetEnv" terminada.
       Tarea "SetEnv"
         LIB=C:\Program Files (x86)\Microsoft Visual Studio\2017\Community\VC\Tools\MSVC\14.14.26428\lib\x86;;C:\Program Files (x86)\Microsoft Visual Studio\2017\Community\VC\Tools\MSVC\14.14.26428\atlmfc\lib\x86;;C:\Program Files (x86)\Microsoft Visual Studio\2017\Community\VC\Auxiliary\VS\lib\x86;;C:\Program Files (x86)\Windows Kits\10\lib\10.0.17134.0\ucrt\x86;;;C:\Program Files (x86)\Windows Kits\10\lib\10.0.17134.0\um\x86;C:\Program Files (x86)\Windows Kits\NETFXSDK\4.6.1\lib\um\x86;;C:\Program Files (x86)\Windows Kits\NETFXSDK\4.6.1\Lib\um\x86
       Ejecución de la tarea "SetEnv" terminada.
       Tarea "SetEnv"
         LIBPATH=C:\Program Files (x86)\Microsoft Visual Studio\2017\Community\VC\Tools\MSVC\14.14.26428\atlmfc\lib\x86;;C:\Program Files (x86)\Microsoft Visual Studio\2017\Community\VC\Tools\MSVC\14.14.26428\lib\x86;
       Ejecución de la tarea "SetEnv" terminada.
       Tarea "SetEnv"
         INCLUDE=C:\Program Files (x86)\Microsoft Visual Studio\2017\Community\VC\Tools\MSVC\14.14.26428\include;;C:\Program Files (x86)\Microsoft Visual Studio\2017\Community\VC\Tools\MSVC\14.14.26428\atlmfc\include;;C:\Program Files (x86)\Microsoft Visual Studio\2017\Community\VC\Auxiliary\VS\include;;C:\Program Files (x86)\Windows Kits\10\Include\10.0.17134.0\ucrt;;;C:\Program Files (x86)\Windows Kits\10\Include\10.0.17134.0\um;C:\Program Files (x86)\Windows Kits\10\Include\10.0.17134.0\shared;C:\Program Files (x86)\Windows Kits\10\Include\10.0.17134.0\winrt;C:\Program Files (x86)\Windows Kits\10\Include\10.0.17134.0\cppwinrt;C:\Program Files (x86)\Windows Kits\NETFXSDK\4.6.1\Include\um;C:\Program Files (x86)\Windows Kits\NETFXSDK\4.6.1\Include\um;
       Ejecución de la tarea "SetEnv" terminada.
     1>Compilación terminada del destino "SetBuildDefaultEnvironmentVariables" en el proyecto "Silabas.vcxproj".
       Se omitió el destino "SetUserMacroEnvironmentVariables" debido a una condición falsa (False); ('@(BuildMacro)' != '' and '$(DesignTimeBuild)' != 'true') se evaluó como ('' != '' and '' != 'true').
       Se omitió el destino "_PrepareForReferenceResolution". Compilado previamente de forma correcta.
     1>Destino "GetResolvedWinMD" en el archivo "C:\Program Files (x86)\Microsoft Visual Studio\2017\Community\Common7\IDE\VC\VCTargets\Microsoft.CppBuild.targets" del proyecto "J:\Proyectos VS\Silabas\Silabas.vcxproj" (el destino "PrepareForBuild" depende de él):
     1>Compilación terminada del destino "GetResolvedWinMD" en el proyecto "Silabas.vcxproj".
     1>Destino "PlatformPrepareForBuild" en el archivo "C:\Program Files (x86)\Microsoft Visual Studio\2017\Community\Common7\IDE\VC\VCTargets\Microsoft.Cpp.Platform.targets" del proyecto "J:\Proyectos VS\Silabas\Silabas.vcxproj" (el destino "PrepareForBuild" depende de él):
       Se omitió la tarea "VCMessage" debido a una condición falsa (False); ('$(_Error64bitToolsNotInstalled)' == 'true') se evaluó como ('' == 'true').
       Se omitió la tarea "VCMessage" debido a una condición falsa (False); ('$(DesignTimeBuild)'!='true' and '$(_ToolsetFound)' != 'true' and '$(PlatformToolset)' == 'v110') se evaluó como (''!='true' and 'true' != 'true' and 'v141' == 'v110').
       Se omitió la tarea "VCMessage" debido a una condición falsa (False); ('$(DesignTimeBuild)'!='true' and '$(_ToolsetFound)' != 'true' and '$(PlatformToolset)' == 'v100') se evaluó como (''!='true' and 'true' != 'true' and 'v141' == 'v100').
       Se omitió la tarea "VCMessage" debido a una condición falsa (False); ('$(DesignTimeBuild)'!='true' and '$(_ToolsetFound)' != 'true' and '$(PlatformToolset)' == 'v90') se evaluó como (''!='true' and 'true' != 'true' and 'v141' == 'v90').
       Se omitió la tarea "VCMessage" debido a una condición falsa (False); ('$(DesignTimeBuild)'!='true' and '$(_ToolsetFound)' != 'true' and '$(PlatformToolset)' != 'v90' and '$(PlatformToolset)' != 'v100' and '$(PlatformToolset)' != 'v110') se evaluó como (''!='true' and 'true' != 'true' and 'v141' != 'v90' and 'v141' != 'v100' and 'v141' != 'v110').
     1>Compilación terminada del destino "PlatformPrepareForBuild" en el proyecto "Silabas.vcxproj".
     1>Destino "Desktop_PlatformPrepareForBuild" en el archivo "C:\Program Files (x86)\Microsoft Visual Studio\2017\Community\Common7\IDE\VC\VCTargets\Platforms\Win32\PlatformToolsets\v141\Toolset.targets" del proyecto "J:\Proyectos VS\Silabas\Silabas.vcxproj" (el destino "PrepareForBuild" depende de él):
       Se omitió la tarea "VCMessage" debido a una condición falsa (False); ($(MissingSDKProps) == 'true') se evaluó como ( == 'true').
     1>Compilación terminada del destino "Desktop_PlatformPrepareForBuild" en el proyecto "Silabas.vcxproj".
       Se omitió el destino "GetFrameworkPaths". Compilado previamente de forma correcta.
       Se omitió el destino "GetReferenceAssemblyPaths". Compilado previamente de forma correcta.
       Se omitió el destino "AssignLinkMetadata" debido a una condición falsa (False); ( '$(SynthesizeLinkMetadata)' == 'true' ) se evaluó como ( '' == 'true' ).
     1>Destino "SetCABuildNativeEnvironmentVariables" en el archivo "C:\Program Files (x86)\Microsoft Visual Studio\2017\Community\MSBuild\Microsoft\VisualStudio\v15.0\CodeAnalysis\Microsoft.CodeAnalysis.targets" del proyecto "J:\Proyectos VS\Silabas\Silabas.vcxproj" (el destino "PrepareForBuild" depende de él):
       Inicializando el generador de tareas "CodeTaskFactory" desde el ensamblado "C:\Program Files (x86)\Microsoft Visual Studio\2017\Community\MSBuild\15.0\Bin\Microsoft.Build.Tasks.Core.dll".
       Se usará la tarea "SetEnvironmentVariable" del generador de tareas "Code Task Factory".
       Tarea "SetEnvironmentVariable"
       Ejecución de la tarea "SetEnvironmentVariable" terminada.
     1>Compilación terminada del destino "SetCABuildNativeEnvironmentVariables" en el proyecto "Silabas.vcxproj".
     1>Destino "PrepareForBuild" en el archivo "C:\Program Files (x86)\Microsoft Visual Studio\2017\Community\Common7\IDE\VC\VCTargets\Microsoft.CppBuild.targets" del proyecto "J:\Proyectos VS\Silabas\Silabas.vcxproj" (el destino "ResolveAssemblyReferences" depende de él):
       Se omitió la tarea "VCMessage" debido a una condición falsa (False); ('$(DesignTimeBuild)' != 'true' and '$(ConfigurationPlatformExists)' != 'true') se evaluó como ('' != 'true' and 'true' != 'true').
       Usando la tarea "MakeDir" del ensamblado "Microsoft.Build.Tasks.Core, Version=15.1.0.0, Culture=neutral, PublicKeyToken=b03f5f7f11d50a3a".
       Tarea "MakeDir"
       Ejecución de la tarea "MakeDir" terminada.
       Se omitió la tarea "VCMessage" debido a una condición falsa (False); ('$(DesignTimeBuild)'!='true' and '$(WindowsAppContainer)'=='true' and '$(ConfigurationType)'!='Application' and '$(ConfigurationType)'!='DynamicLibrary' and '$(ConfigurationType)'!='StaticLibrary') se evaluó como (''!='true' and 'false'=='true' and 'Application'!='Application' and 'Application'!='DynamicLibrary' and 'Application'!='StaticLibrary').
       Se omitió la tarea "VCMessage" debido a una condición falsa (False); ('$(DesignTimeBuild)'!='true' and '$(VCToolsInstallDir)'=='' and '$(UseEnv)' != 'true' and ('$(TargetFrameworkVersion)'=='v3.5' or '$(TargetFrameworkVersion)'=='v3.0' or '$(TargetFrameworkVersion)'=='v2.0' )) se evaluó como (''!='true' and 'C:\Program Files (x86)\Microsoft Visual Studio\2017\Community\VC\Tools\MSVC\14.14.26428\'=='' and '' != 'true' and ('v4.0'=='v3.5' or 'v4.0'=='v3.0' or 'v4.0'=='v2.0' )).
       Se omitió la tarea "VCMessage" debido a una condición falsa (False); ('$(DesignTimeBuild)'!='true' and '$(VCToolsInstallDir)'=='' and '$(UseEnv)' != 'true' and '$(PlatformToolset)'=='v90') se evaluó como (''!='true' and 'C:\Program Files (x86)\Microsoft Visual Studio\2017\Community\VC\Tools\MSVC\14.14.26428\'=='' and '' != 'true' and 'v141'=='v90').
       Se omitió la tarea "VCMessage" debido a una condición falsa (False); ('$(DesignTimeBuild)'!='true' and '$(VCToolsInstallDir)'=='' and '$(UseEnv)' != 'true') se evaluó como (''!='true' and 'C:\Program Files (x86)\Microsoft Visual Studio\2017\Community\VC\Tools\MSVC\14.14.26428\'=='' and '' != 'true').
       Se omitió la tarea "VCMessage" debido a una condición falsa (False); ('$(DesignTimeBuild)'!='true' and '$(WindowsSDKDir)'=='' and '$(UseEnv)' != 'true') se evaluó como (''!='true' and 'C:\Program Files (x86)\Windows Kits\10\'=='' and '' != 'true').
       Se omitió la tarea "VCMessage" debido a una condición falsa (False); ('$(DesignTimeBuild)'!='true' and '$(IntDirTrailingSlashWarning)'=='true') se evaluó como (''!='true' and ''=='true').
       Se omitió la tarea "VCMessage" debido a una condición falsa (False); ('$(DesignTimeBuild)'!='true' and '$(OutDirTrailingSlashWarning)'=='true') se evaluó como (''!='true' and ''=='true').
       Se omitió la tarea "VCMessage" debido a una condición falsa (False); ('%(CompatibilityIssues.Identity)' != '' and '$(DesignTimeBuild)'!='true') se evaluó como ('' != '' and ''!='true').
       Se omitió la tarea "VCMessage" debido a una condición falsa (False); ('$(IgnoreWarnIntDirSharingDetected)' != 'true' and '$(IntDirSharingDetected)' == 'true') se evaluó como ('' != 'true' and '' == 'true').
       Se omitió la tarea "VCMessage" debido a una condición falsa (False); ('$(DesignTimeBuild)'!='true' and '$(IgnoreWarnIntDirInTempDetected)' != 'true' and ('$(_IntDirFullpath.StartsWith($(Tmp), true, null))' == 'true' or '$(_IntDirFullpath.StartsWith($(Temp), true, null))' == 'true' or '$(_OutDirFullpath.StartsWith($(Tmp), true, null))' == 'true' or '$(_OutDirFullpath.StartsWith($(Temp), true, null))' == 'true')) se evaluó como (''!='true' and '' != 'true' and ('False' == 'true' or 'False' == 'true' or 'False' == 'true' or 'False' == 'true')).
       Se omitió la tarea "VCMessage" debido a una condición falsa (False); ('$(DesignTimeBuild)' != 'true' and '$(SpectreMitigation)' != '' and '$(SpectreMitigation)' != 'false' and (('$(_VC_Target_Library_Platform)' == 'OneCore' and !Exists('$(VC_LibraryPath_VC_x86_OneCore)')) or ('$(_VC_Target_Library_Platform)' == 'Desktop' and !Exists('$(VC_LibraryPath_VC_x86_Desktop)')))) se evaluó como ('' != 'true' and 'false' != '' and 'false' != 'false' and (('Desktop' == 'OneCore' and !Exists('C:\Program Files (x86)\Microsoft Visual Studio\2017\Community\VC\Tools\MSVC\14.14.26428\lib\onecore\x86')) or ('Desktop' == 'Desktop' and !Exists('C:\Program Files (x86)\Microsoft Visual Studio\2017\Community\VC\Tools\MSVC\14.14.26428\lib\x86')))).
       Tarea "MakeDir"
       Ejecución de la tarea "MakeDir" terminada.
     1>Compilación terminada del destino "PrepareForBuild" en el proyecto "Silabas.vcxproj".
       Se omitió el destino "_PrepareForReferenceResolution". Compilado previamente de forma correcta.
       Se omitió el destino "ComputeCrtSDKReference" debido a una condición falsa (False); ('@(ClCompile)'!='' and '$(WindowsAppContainer)'=='true' and '$(UseCrtSDKReference)' != 'false') se evaluó como ('main.cpp'!='' and 'false'=='true' and '' != 'false').
       Se omitió el destino "GetInstalledSDKLocations" debido a una condición falsa (False); ('@(SDKReference)' != '') se evaluó como ('' != '').
     1>Destino "ResolveSDKReferences" en el archivo "C:\Program Files (x86)\Microsoft Visual Studio\2017\Community\MSBuild\15.0\Bin\Microsoft.Common.CurrentVersion.targets" del proyecto "J:\Proyectos VS\Silabas\Silabas.vcxproj" (el destino "ResolveAssemblyReferences" depende de él):
       Se omitió la tarea "ResolveSDKReference" debido a una condición falsa (False); ('@(SDKReference)'!='') se evaluó como (''!='').
     1>Compilación terminada del destino "ResolveSDKReferences" en el proyecto "Silabas.vcxproj".
       Se omitió el destino "ResolveSDKReferences". Compilado previamente de forma correcta.
     1>Destino "ExpandSDKReferences" en el archivo "C:\Program Files (x86)\Microsoft Visual Studio\2017\Community\MSBuild\15.0\Bin\Microsoft.Common.CurrentVersion.targets" del proyecto "J:\Proyectos VS\Silabas\Silabas.vcxproj" (el destino "ResolveAssemblyReferences" depende de él):
       Se omitió la tarea "GetSDKReferenceFiles" debido a una condición falsa (False); ('@(ResolvedSDKReference)'!='') se evaluó como (''!='').
     1>Compilación terminada del destino "ExpandSDKReferences" en el proyecto "Silabas.vcxproj".
       Se omitió el destino "ResolveNuGetPackageAssets" debido a una condición falsa (False); ('$(ResolveNuGetPackages)' == 'true' and exists('$(ProjectLockFile)')) se evaluó como ('true' == 'true' and exists('obj\project.assets.json')).
     1>Destino "ResolveAssemblyReferences" en el archivo "C:\Program Files (x86)\Microsoft Visual Studio\2017\Community\MSBuild\15.0\Bin\Microsoft.Common.CurrentVersion.targets" del proyecto "J:\Proyectos VS\Silabas\Silabas.vcxproj" (el destino "ResolveReferences" depende de él):
       Se omitió la tarea "ResolveAssemblyReference" debido a una condición falsa (False); ('@(Reference)'!='' or '@(_ResolvedProjectReferencePaths)'!='' or '@(_ExplicitReference)' != '') se evaluó como (''!='' or ''!='' or '' != '').
     1>Compilación terminada del destino "ResolveAssemblyReferences" en el proyecto "Silabas.vcxproj".
       Se omitió el destino "GenerateBindingRedirects" debido a una condición falsa (False); ('$(AutoGenerateBindingRedirects)' == 'true' and '$(GenerateBindingRedirectsOutputType)' == 'true') se evaluó como ('' == 'true' and 'true' == 'true').
       Se omitió el destino "GenerateBindingRedirectsUpdateAppConfig" debido a una condición falsa (False); ('$(AutoGenerateBindingRedirects)' == 'true' and '$(GenerateBindingRedirectsOutputType)' == 'true' and Exists('$(_GenerateBindingRedirectsIntermediateAppConfig)')) se evaluó como ('' == 'true' and 'true' == 'true' and Exists('Debug\Silabas.exe.config')).
       Se omitió el destino "ResolveComReferences" debido a una condición falsa (False); ('@(COMReference)'!='' or '@(COMFileReference)'!='') se evaluó como (''!='' or ''!='').
     1>Destino "AfterResolveReferences" en el archivo "C:\Program Files (x86)\Microsoft Visual Studio\2017\Community\MSBuild\15.0\Bin\Microsoft.Common.CurrentVersion.targets" del proyecto "J:\Proyectos VS\Silabas\Silabas.vcxproj" (el destino "ResolveReferences" depende de él):
     1>Compilación terminada del destino "AfterResolveReferences" en el proyecto "Silabas.vcxproj".
       Se omitió el destino "ImplicitlyExpandDesignTimeFacades" debido a una condición falsa (False); ('$(ImplicitlyExpandDesignTimeFacades)' == 'true') se evaluó como ('' == 'true').
       Se omitió el destino "ResolveTestReferences" debido a una condición falsa (False); ('@(Shadow)'!='') se evaluó como (''!='').
     1>Destino "ResolveReferences" en el archivo "C:\Program Files (x86)\Microsoft Visual Studio\2017\Community\MSBuild\15.0\Bin\Microsoft.Common.CurrentVersion.targets" del proyecto "J:\Proyectos VS\Silabas\Silabas.vcxproj" (el destino "Build" depende de él):
     1>Compilación terminada del destino "ResolveReferences" en el proyecto "Silabas.vcxproj".
       Se omitió el destino "PrepareForBuild". Compilado previamente de forma correcta.
       Se omitió el destino "PrepareForBuild". Compilado previamente de forma correcta.
     1>Destino "InitializeBuildStatus" en el archivo "C:\Program Files (x86)\Microsoft Visual Studio\2017\Community\Common7\IDE\VC\VCTargets\Microsoft.CppBuild.targets" del proyecto "J:\Proyectos VS\Silabas\Silabas.vcxproj" (el destino "Build" depende de él):
       Usando la tarea "ReadLinesFromFile" del ensamblado "Microsoft.Build.Tasks.Core, Version=15.1.0.0, Culture=neutral, PublicKeyToken=b03f5f7f11d50a3a".
       Tarea "ReadLinesFromFile"
       Ejecución de la tarea "ReadLinesFromFile" terminada.
       Usando la tarea "WriteLinesToFile" del ensamblado "Microsoft.Build.Tasks.Core, Version=15.1.0.0, Culture=neutral, PublicKeyToken=b03f5f7f11d50a3a".
       Tarea "WriteLinesToFile"
       Ejecución de la tarea "WriteLinesToFile" terminada.
       Usando la tarea "Touch" del ensamblado "Microsoft.Build.Tasks.Core, Version=15.1.0.0, Culture=neutral, PublicKeyToken=b03f5f7f11d50a3a".
       Tarea "Touch"
         Se creará "Debug\Silabas.tlog\unsuccessfulbuild" porque se especificó "AlwaysCreate".
       Ejecución de la tarea "Touch" terminada.
     1>Compilación terminada del destino "InitializeBuildStatus" en el proyecto "Silabas.vcxproj".
       Se omitió el destino "PrepareProjectReferences". Compilado previamente de forma correcta.
     1>Destino "BuildGenerateSourcesTraverse" en el archivo "C:\Program Files (x86)\Microsoft Visual Studio\2017\Community\MSBuild\15.0\Bin\Microsoft.Common.CurrentVersion.targets" del proyecto "J:\Proyectos VS\Silabas\Silabas.vcxproj" (el destino "BuildGenerateSources" depende de él):
       Se omitió la tarea "MSBuild" debido a una condición falsa (False); ('$(BuildPassReferences)' == 'true' and '@(ProjectReferenceWithConfiguration)' != '' and '@(_MSBuildProjectReferenceExistent)' != '' and '%(_MSBuildProjectReferenceExistent.BuildReference)' == 'true') se evaluó como ('' == 'true' and '' != '' and '' != '' and '' == 'true').
     1>Compilación terminada del destino "BuildGenerateSourcesTraverse" en el proyecto "Silabas.vcxproj".
       Se omitió el destino "PrepareForBuild". Compilado previamente de forma correcta.
       Se omitió el destino "ResolveReferences". Compilado previamente de forma correcta.
     1>Destino "BeforeBuildGenerateSources" en el archivo "C:\Program Files (x86)\Microsoft Visual Studio\2017\Community\Common7\IDE\VC\VCTargets\Microsoft.BuildSteps.Targets" del proyecto "J:\Proyectos VS\Silabas\Silabas.vcxproj" (el destino "_BuildGenerateSourcesAction" depende de él):
     1>Compilación terminada del destino "BeforeBuildGenerateSources" en el proyecto "Silabas.vcxproj".
     1>Destino "PreBuildEvent" en el archivo "C:\Program Files (x86)\Microsoft Visual Studio\2017\Community\Common7\IDE\VC\VCTargets\Microsoft.CppCommon.targets" del proyecto "J:\Proyectos VS\Silabas\Silabas.vcxproj" (el destino "_BuildGenerateSourcesAction" depende de él):
       Se omitió la tarea "Message" debido a una condición falsa (False); ('%(PreBuildEvent.Message)' != '' and '%(PreBuildEvent.Command)' != '') se evaluó como ('' != '' and '' != '').
       Se omitió la tarea "Exec" debido a una condición falsa (False); ('%(PreBuildEvent.Command)' != '') se evaluó como ('' != '').
     1>Compilación terminada del destino "PreBuildEvent" en el proyecto "Silabas.vcxproj".
       Se omitió el destino "CustomBuild" debido a una condición falsa (False); ('@(CustomBuild)' != '') se evaluó como ('' != '').
       Se omitió el destino "FxExport" debido a una condición falsa (False); ('@(FxCompile)' != '') se evaluó como ('' != '').
       Se omitió el destino "FxCompile" debido a una condición falsa (False); ('@(FxCompile)' != '') se evaluó como ('' != '').
       Se omitió el destino "Xsd" debido a una condición falsa (False); ('@(Xsd)' != '') se evaluó como ('' != '').
     1>Destino "_Xsd" en el archivo "C:\Program Files (x86)\Microsoft Visual Studio\2017\Community\Common7\IDE\VC\VCTargets\Microsoft.CppBuild.targets" del proyecto "J:\Proyectos VS\Silabas\Silabas.vcxproj" (el destino "_BuildGenerateSourcesAction" depende de él):
     1>Compilación terminada del destino "_Xsd" en el proyecto "Silabas.vcxproj".
     1>Destino "MakeDirsForMidl" en el archivo "C:\Program Files (x86)\Microsoft Visual Studio\2017\Community\Common7\IDE\VC\VCTargets\Microsoft.CppBuild.targets" del proyecto "J:\Proyectos VS\Silabas\Silabas.vcxproj" (el destino "_Midl" depende de él):
       Tarea "Makedir"
       Ejecución de la tarea "Makedir" terminada.
     1>Compilación terminada del destino "MakeDirsForMidl" en el proyecto "Silabas.vcxproj".
       Se omitió el destino "Midl" debido a una condición falsa (False); ('@(Midl)' != '') se evaluó como ('' != '').
       Se omitió el destino "CustomBuild" debido a una condición falsa (False); ('@(CustomBuild)' != '') se evaluó como ('' != '').
       Se omitió el destino "FxExport" debido a una condición falsa (False); ('@(FxCompile)' != '') se evaluó como ('' != '').
       Se omitió el destino "FxCompile" debido a una condición falsa (False); ('@(FxCompile)' != '') se evaluó como ('' != '').
     1>Destino "ComputeMIDLGeneratedCompileInputs" en el archivo "C:\Program Files (x86)\Microsoft Visual Studio\2017\Community\Common7\IDE\VC\VCTargets\Microsoft.CppBuild.targets" del proyecto "J:\Proyectos VS\Silabas\Silabas.vcxproj" (el destino "_Midl" depende de él):
     1>Compilación terminada del destino "ComputeMIDLGeneratedCompileInputs" en el proyecto "Silabas.vcxproj".
     1>Destino "AfterMidl" en el archivo "C:\Program Files (x86)\Microsoft Visual Studio\2017\Community\Common7\IDE\VC\VCTargets\Microsoft.CppBuild.targets" del proyecto "J:\Proyectos VS\Silabas\Silabas.vcxproj" (el destino "_Midl" depende de él):
     1>Compilación terminada del destino "AfterMidl" en el proyecto "Silabas.vcxproj".
     1>Destino "_Midl" en el archivo "C:\Program Files (x86)\Microsoft Visual Studio\2017\Community\Common7\IDE\VC\VCTargets\Microsoft.CppBuild.targets" del proyecto "J:\Proyectos VS\Silabas\Silabas.vcxproj" (el destino "_BuildGenerateSourcesAction" depende de él):
     1>Compilación terminada del destino "_Midl" en el proyecto "Silabas.vcxproj".
     1>Destino "AfterBuildGenerateSources" en el archivo "C:\Program Files (x86)\Microsoft Visual Studio\2017\Community\Common7\IDE\VC\VCTargets\Microsoft.BuildSteps.Targets" del proyecto "J:\Proyectos VS\Silabas\Silabas.vcxproj" (el destino "_BuildGenerateSourcesAction" depende de él):
     1>Compilación terminada del destino "AfterBuildGenerateSources" en el proyecto "Silabas.vcxproj".
     1>Destino "AfterBuildGenerateSourcesEvent" en el archivo "C:\Program Files (x86)\Microsoft Visual Studio\2017\Community\Common7\IDE\VC\VCTargets\Microsoft.CppBuild.targets" del proyecto "J:\Proyectos VS\Silabas\Silabas.vcxproj" (el destino "_BuildGenerateSourcesAction" depende de él):
     1>Compilación terminada del destino "AfterBuildGenerateSourcesEvent" en el proyecto "Silabas.vcxproj".
     1>Destino "_BuildGenerateSourcesAction" en el archivo "C:\Program Files (x86)\Microsoft Visual Studio\2017\Community\Common7\IDE\VC\VCTargets\Microsoft.CppBuild.targets" del proyecto "J:\Proyectos VS\Silabas\Silabas.vcxproj" (el destino "BuildGenerateSources" depende de él):
     1>Compilación terminada del destino "_BuildGenerateSourcesAction" en el proyecto "Silabas.vcxproj".
     1>Destino "BuildGenerateSources" en el archivo "C:\Program Files (x86)\Microsoft Visual Studio\2017\Community\MSBuild\15.0\Bin\Microsoft.Common.CurrentVersion.targets" del proyecto "J:\Proyectos VS\Silabas\Silabas.vcxproj" (el destino "Build" depende de él):
     1>Compilación terminada del destino "BuildGenerateSources" en el proyecto "Silabas.vcxproj".
       Se omitió el destino "PrepareProjectReferences". Compilado previamente de forma correcta.
     1>Destino "BuildCompileTraverse" en el archivo "C:\Program Files (x86)\Microsoft Visual Studio\2017\Community\MSBuild\15.0\Bin\Microsoft.Common.CurrentVersion.targets" del proyecto "J:\Proyectos VS\Silabas\Silabas.vcxproj" (el destino "BuildCompile" depende de él):
       Se omitió la tarea "MSBuild" debido a una condición falsa (False); ('$(BuildPassReferences)' == 'true' and '@(ProjectReferenceWithConfiguration)' != '' and '@(_MSBuildProjectReferenceExistent)' != ''  and '%(_MSBuildProjectReferenceExistent.BuildReference)' == 'true') se evaluó como ('' == 'true' and '' != '' and '' != ''  and '' == 'true').
     1>Compilación terminada del destino "BuildCompileTraverse" en el proyecto "Silabas.vcxproj".
       Se omitió el destino "PrepareForBuild". Compilado previamente de forma correcta.
       Se omitió el destino "ResolveReferences". Compilado previamente de forma correcta.
     1>Destino "BeforeClCompile" en el archivo "C:\Program Files (x86)\Microsoft Visual Studio\2017\Community\Common7\IDE\VC\VCTargets\Microsoft.CppBuild.targets" del proyecto "J:\Proyectos VS\Silabas\Silabas.vcxproj" (el destino "_ClCompile" depende de él):
     1>Compilación terminada del destino "BeforeClCompile" en el proyecto "Silabas.vcxproj".
       Se omitió el destino "ComputeMIDLGeneratedCompileInputs". Compilado previamente de forma correcta.
     1>Destino "ComputeCLInputPDBName" en el archivo "C:\Program Files (x86)\Microsoft Visual Studio\2017\Community\Common7\IDE\VC\VCTargets\Microsoft.CppBuild.targets" del proyecto "J:\Proyectos VS\Silabas\Silabas.vcxproj" (el destino "_ClCompile" depende de él):
     1>Compilación terminada del destino "ComputeCLInputPDBName" en el proyecto "Silabas.vcxproj".
       Se omitió el destino "ResolveReferences". Compilado previamente de forma correcta.
     1>Destino "ComputeReferenceCLInput" en el archivo "C:\Program Files (x86)\Microsoft Visual Studio\2017\Community\Common7\IDE\VC\VCTargets\Microsoft.CppBuild.targets" del proyecto "J:\Proyectos VS\Silabas\Silabas.vcxproj" (el destino "_ClCompile" depende de él):
       Se omitió la tarea "WriteLinesToFile" debido a una condición falsa (False); (('@(_ReferenceCopyLocalPaths)'!='') and '$(DesignTimeBuild)' != 'true') se evaluó como ((''!='') and '' != 'true').
       Se omitió la tarea "Message" debido a una condición falsa (False); ('$(_REFERENCE_DEBUG)'=='true') se evaluó como (''=='true').
     1>Compilación terminada del destino "ComputeReferenceCLInput" en el proyecto "Silabas.vcxproj".
     1>Destino "WarnCompileDuplicatedFilename" en el archivo "C:\Program Files (x86)\Microsoft Visual Studio\2017\Community\Common7\IDE\VC\VCTargets\Microsoft.CppBuild.targets" del proyecto "J:\Proyectos VS\Silabas\Silabas.vcxproj" (el destino "_ClCompile" depende de él):
       Se omitió la tarea "VCMessage" debido a una condición falsa (False); ('%(ClCompile.ExcludedFromBuild)' != 'true' and '%(Filename)%(Extension)' != '@(ClCompile->'%(Filename)%(Extension)')' and '%(ObjectFileName)' == '@(ClCompile->Metadata(ObjectFileName)->Distinct())') se evaluó como ('' != 'true' and 'main.cpp' != 'main.cpp' and 'Debug\' == 'Debug\').
     1>Compilación terminada del destino "WarnCompileDuplicatedFilename" en el proyecto "Silabas.vcxproj".
     1>Destino "FixupCLCompileOptions" en el archivo "C:\Program Files (x86)\Microsoft Visual Studio\2017\Community\Common7\IDE\VC\VCTargets\Microsoft.CppCommon.targets" del proyecto "J:\Proyectos VS\Silabas\Silabas.vcxproj" (el destino "_ClCompile" depende de él):
     1>Compilación terminada del destino "FixupCLCompileOptions" en el proyecto "Silabas.vcxproj".
     1>Destino "MakeDirsForCl" en el archivo "C:\Program Files (x86)\Microsoft Visual Studio\2017\Community\Common7\IDE\VC\VCTargets\Microsoft.CppBuild.targets" del proyecto "J:\Proyectos VS\Silabas\Silabas.vcxproj" (el destino "_ClCompile" depende de él):
       Tarea "MakeDir"
       Ejecución de la tarea "MakeDir" terminada.
     1>Compilación terminada del destino "MakeDirsForCl" en el proyecto "Silabas.vcxproj".
       Se omitió el destino "PrepareForBuild". Compilado previamente de forma correcta.
       Se omitió el destino "InitializeBuildStatus". Compilado previamente de forma correcta.
       Se omitió el destino "SetBuildDefaultEnvironmentVariables". Compilado previamente de forma correcta.
       Se omitió el destino "SetUserMacroEnvironmentVariables" debido a una condición falsa (False); ('@(BuildMacro)' != '' and '$(DesignTimeBuild)' != 'true') se evaluó como ('' != '' and '' != 'true').
     1>Destino "_SelectedFiles" en el archivo "C:\Program Files (x86)\Microsoft Visual Studio\2017\Community\Common7\IDE\VC\VCTargets\Microsoft.CppBuild.targets" del proyecto "J:\Proyectos VS\Silabas\Silabas.vcxproj" (el destino "SelectClCompile" depende de él):
     1>Compilación terminada del destino "_SelectedFiles" en el proyecto "Silabas.vcxproj".
       Se omitió el destino "ComputeMIDLGeneratedCompileInputs". Compilado previamente de forma correcta.
       Se omitió el destino "ComputeCLInputPDBName". Compilado previamente de forma correcta.
       Se omitió el destino "ComputeReferenceCLInput". Compilado previamente de forma correcta.
       Se omitió el destino "WarnCompileDuplicatedFilename". Compilado previamente de forma correcta.
       Se omitió el destino "FixupCLCompileOptions". Compilado previamente de forma correcta.
       Se omitió el destino "_SelectedFiles". Compilado previamente de forma correcta.
     1>Destino "SelectCustomBuild" en el archivo "C:\Program Files (x86)\Microsoft Visual Studio\2017\Community\Common7\IDE\VC\VCTargets\Microsoft.CppBuild.targets" del proyecto "J:\Proyectos VS\Silabas\Silabas.vcxproj" (el destino "SelectClCompile" depende de él):
     1>Compilación terminada del destino "SelectCustomBuild" en el proyecto "Silabas.vcxproj".
     1>Destino "SelectClCompile" en el archivo "C:\Program Files (x86)\Microsoft Visual Studio\2017\Community\Common7\IDE\VC\VCTargets\Microsoft.CppBuild.targets" del proyecto "J:\Proyectos VS\Silabas\Silabas.vcxproj" (el destino "ClCompile" depende de él):
     1>Compilación terminada del destino "SelectClCompile" en el proyecto "Silabas.vcxproj".
       Se omitió el destino "GenerateTargetFrameworkMonikerAttribute" debido a una condición falsa (False); ('$(GenerateTargetFrameworkAttribute)' == 'true') se evaluó como ('false' == 'true').
       Se omitió el destino "ManagedIncrementalBuildPreProcessDependencyGraph" debido a una condición falsa (False); ('@(ClCompile)' != '' and '$(EnableManagedIncrementalBuild)' == 'True') se evaluó como ('main.cpp' != '' and 'false' == 'True').
     1>Destino "ClCompile" en el archivo "C:\Program Files (x86)\Microsoft Visual Studio\2017\Community\Common7\IDE\VC\VCTargets\Microsoft.CppCommon.targets" del proyecto "J:\Proyectos VS\Silabas\Silabas.vcxproj" (el destino "_ClCompile" depende de él):
       Se omitió la tarea "Delete" debido a una condición falsa (False); ('%(ClCompile.DebugInformationFormat)' != '' and '%(ClCompile.DebugInformationFormat)' != 'None' and '%(ClCompile.DebugInformationFormat)' != 'OldStyle' and '%(ClCompile.ProgramDataBaseFileName)' != '' and !Exists(%(ClCompile.ProgramDataBaseFileName))) se evaluó como ('EditAndContinue' != '' and 'EditAndContinue' != 'None' and 'EditAndContinue' != 'OldStyle' and 'Debug\vc141.pdb' != '' and !Exists(Debug\vc141.pdb)).
       Se omitió la tarea "CL" debido a una condición falsa (False); ('%(ClCompile.PrecompiledHeader)' == 'Create' and '%(ClCompile.ExcludedFromBuild)'!='true' and '%(ClCompile.CompilerIteration)' == '') se evaluó como ('NotUsing' == 'Create' and ''!='true' and '' == '').
       Usando la tarea "CL" del ensamblado "C:\Program Files (x86)\Microsoft Visual Studio\2017\Community\Common7\IDE\VC\VCTargets\Microsoft.Build.CppTasks.Common.dll".
       Tarea "CL"
         Registros de seguimiento de lectura:
         	Debug\Silabas.tlog\CL.read.1.tlog
         Salidas para J:\PROYECTOS VS\SILABAS\MAIN.CPP:
         	J:\PROYECTOS VS\SILABAS\DEBUG\MAIN.OBJ
         main.cpp se compilará porque J:\Proyectos VS\Silabas\main.cpp se modificó en 27/09/2018 19:22:52.
         Salidas para J:\PROYECTOS VS\SILABAS\MAIN.CPP:
         	J:\PROYECTOS VS\SILABAS\DEBUG\MAIN.OBJ
         Registros de seguimiento de escritura:
         	Debug\Silabas.tlog\CL.write.1.tlog
         Variables de entorno pasadas a la herramienta:
           VS_UNICODE_OUTPUT=968
         C:\Program Files (x86)\Microsoft Visual Studio\2017\Community\VC\Tools\MSVC\14.14.26428\bin\HostX86\x86\CL.exe /c /ZI /nologo /W3 /WX- /diagnostics:classic /sdl /Od /Oy- /D _MBCS /Gm- /EHsc /RTC1 /MDd /GS /fp:precise /permissive- /Zc:wchar_t /Zc:forScope /Zc:inline /Fo"Debug\\" /Fd"Debug\vc141.pdb" /Gd /TP /analyze- /FC /errorReport:prompt main.cpp
         Comando de seguimiento:
         C:\Program Files (x86)\Microsoft Visual Studio\2017\Community\MSBuild\15.0\Bin\Tracker.exe /d "C:\Program Files (x86)\MSBuild\15.0\FileTracker\FileTracker32.dll" /i "J:\Proyectos VS\Silabas\Debug\Silabas.tlog" /r "J:\PROYECTOS VS\SILABAS\MAIN.CPP" /b MSBuildConsole_CancelEvent26793ae7012a4b5ea035db32ab632744  /c "C:\Program Files (x86)\Microsoft Visual Studio\2017\Community\VC\Tools\MSVC\14.14.26428\bin\HostX86\x86\CL.exe"  /c /ZI /nologo /W3 /WX- /diagnostics:classic /sdl /Od /Oy- /D _MBCS /Gm- /EHsc /RTC1 /MDd /GS /fp:precise /permissive- /Zc:wchar_t /Zc:forScope /Zc:inline /Fo"Debug\\" /Fd"Debug\vc141.pdb" /Gd /TP /analyze- /FC /errorReport:prompt main.cpp
         main.cpp
       Ejecución de la tarea "CL" terminada.
     1>Compilación terminada del destino "ClCompile" en el proyecto "Silabas.vcxproj".
       Se omitió el destino "RunSelectedFileNativeCodeAnalysis" debido a una condición falsa (False); ('$(RunCppAnalysis)'=='true' and '$(SelectedFiles)'!='') se evaluó como ('false'=='true' and ''!='').
       Se omitió el destino "ManagedIncrementalBuildPostProcessDependencyGraph" debido a una condición falsa (False); ('@(ClCompile)' != '' and '$(EnableManagedIncrementalBuild)' == 'True') se evaluó como ('main.cpp' != '' and 'false' == 'True').
     1>Destino "AfterClCompile" en el archivo "C:\Program Files (x86)\Microsoft Visual Studio\2017\Community\Common7\IDE\VC\VCTargets\Microsoft.CppBuild.targets" del proyecto "J:\Proyectos VS\Silabas\Silabas.vcxproj" (el destino "_ClCompile" depende de él):
     1>Compilación terminada del destino "AfterClCompile" en el proyecto "Silabas.vcxproj".
     1>Destino "_ClCompile" en el archivo "C:\Program Files (x86)\Microsoft Visual Studio\2017\Community\Common7\IDE\VC\VCTargets\Microsoft.CppBuild.targets" del proyecto "J:\Proyectos VS\Silabas\Silabas.vcxproj" (el destino "_BuildCompileAction" depende de él):
     1>Compilación terminada del destino "_ClCompile" en el proyecto "Silabas.vcxproj".
       Se omitió el destino "_ResGen" debido a una condición falsa (False); ('@(EmbeddedResource)'!='') se evaluó como (''!='').
     1>Destino "BeforeResourceCompile" en el archivo "C:\Program Files (x86)\Microsoft Visual Studio\2017\Community\Common7\IDE\VC\VCTargets\Microsoft.CppBuild.targets" del proyecto "J:\Proyectos VS\Silabas\Silabas.vcxproj" (el destino "_ResourceCompile" depende de él):
     1>Compilación terminada del destino "BeforeResourceCompile" en el proyecto "Silabas.vcxproj".
     1>Destino "MakeDirsForResourceCompile" en el archivo "C:\Program Files (x86)\Microsoft Visual Studio\2017\Community\Common7\IDE\VC\VCTargets\Microsoft.CppBuild.targets" del proyecto "J:\Proyectos VS\Silabas\Silabas.vcxproj" (el destino "_ResourceCompile" depende de él):
       Tarea "MakeDir"
       Ejecución de la tarea "MakeDir" terminada.
     1>Compilación terminada del destino "MakeDirsForResourceCompile" en el proyecto "Silabas.vcxproj".
       Se omitió el destino "ResourceCompile" debido a una condición falsa (False); ('@(ResourceCompile)' != '') se evaluó como ('' != '').
     1>Destino "AfterResourceCompile" en el archivo "C:\Program Files (x86)\Microsoft Visual Studio\2017\Community\Common7\IDE\VC\VCTargets\Microsoft.CppBuild.targets" del proyecto "J:\Proyectos VS\Silabas\Silabas.vcxproj" (el destino "_ResourceCompile" depende de él):
     1>Compilación terminada del destino "AfterResourceCompile" en el proyecto "Silabas.vcxproj".
     1>Destino "_ResourceCompile" en el archivo "C:\Program Files (x86)\Microsoft Visual Studio\2017\Community\Common7\IDE\VC\VCTargets\Microsoft.CppBuild.targets" del proyecto "J:\Proyectos VS\Silabas\Silabas.vcxproj" (el destino "_BuildCompileAction" depende de él):
     1>Compilación terminada del destino "_ResourceCompile" en el proyecto "Silabas.vcxproj".
       Se omitió el destino "_ImpLib" debido a una condición falsa (False); ('$(ImpLibCompiled)' == 'true') se evaluó como ('' == 'true').
       Se omitió el destino "_Lib" debido a una condición falsa (False); ('$(LibCompiled)' == 'true') se evaluó como ('' == 'true').
     1>Destino "AfterBuildCompileEvent" en el archivo "C:\Program Files (x86)\Microsoft Visual Studio\2017\Community\Common7\IDE\VC\VCTargets\Microsoft.CppBuild.targets" del proyecto "J:\Proyectos VS\Silabas\Silabas.vcxproj" (el destino "_BuildCompileAction" depende de él):
     1>Compilación terminada del destino "AfterBuildCompileEvent" en el proyecto "Silabas.vcxproj".
     1>Destino "_BuildCompileAction" en el archivo "C:\Program Files (x86)\Microsoft Visual Studio\2017\Community\Common7\IDE\VC\VCTargets\Microsoft.CppBuild.targets" del proyecto "J:\Proyectos VS\Silabas\Silabas.vcxproj" (el destino "BuildCompile" depende de él):
     1>Compilación terminada del destino "_BuildCompileAction" en el proyecto "Silabas.vcxproj".
     1>Destino "BuildCompile" en el archivo "C:\Program Files (x86)\Microsoft Visual Studio\2017\Community\MSBuild\15.0\Bin\Microsoft.Common.CurrentVersion.targets" del proyecto "J:\Proyectos VS\Silabas\Silabas.vcxproj" (el destino "Build" depende de él):
     1>Compilación terminada del destino "BuildCompile" en el proyecto "Silabas.vcxproj".
       Se omitió el destino "PrepareProjectReferences". Compilado previamente de forma correcta.
     1>Destino "BuildLinkTraverse" en el archivo "C:\Program Files (x86)\Microsoft Visual Studio\2017\Community\MSBuild\15.0\Bin\Microsoft.Common.CurrentVersion.targets" del proyecto "J:\Proyectos VS\Silabas\Silabas.vcxproj" (el destino "BuildLink" depende de él):
       Se omitió la tarea "MSBuild" debido a una condición falsa (False); ('$(BuildPassReferences)' == 'true' and '@(ProjectReferenceWithConfiguration)' != '' and '@(_MSBuildProjectReferenceExistent)' != ''  and '%(_MSBuildProjectReferenceExistent.BuildReference)' == 'true') se evaluó como ('' == 'true' and '' != '' and '' != ''  and '' == 'true').
     1>Compilación terminada del destino "BuildLinkTraverse" en el proyecto "Silabas.vcxproj".
       Se omitió el destino "PrepareForBuild". Compilado previamente de forma correcta.
       Se omitió el destino "ResolveReferences". Compilado previamente de forma correcta.
     1>Destino "ComputeLegacyManifestEmbedding" en el archivo "C:\Program Files (x86)\Microsoft Visual Studio\2017\Community\Common7\IDE\VC\VCTargets\Microsoft.CppBuild.targets" del proyecto "J:\Proyectos VS\Silabas\Silabas.vcxproj" (el destino "_BuildLinkAction" depende de él):
       Se omitió la tarea "VCMessage" debido a una condición falsa (False); ('$(RevertManifestEmbedding)' == 'true' and '$(_LegacyManifestEmbeddingDebug)' == 'true') se evaluó como ('' == 'true' and '' == 'true').
     1>Compilación terminada del destino "ComputeLegacyManifestEmbedding" en el proyecto "Silabas.vcxproj".
     1>Destino "BeforeLink" en el archivo "C:\Program Files (x86)\Microsoft Visual Studio\2017\Community\Common7\IDE\VC\VCTargets\Microsoft.CppBuild.targets" del proyecto "J:\Proyectos VS\Silabas\Silabas.vcxproj" (el destino "_Link" depende de él):
     1>Compilación terminada del destino "BeforeLink" en el proyecto "Silabas.vcxproj".
     1>Destino "ComputeRCOutputs" en el archivo "C:\Program Files (x86)\Microsoft Visual Studio\2017\Community\Common7\IDE\VC\VCTargets\Microsoft.CppBuild.targets" del proyecto "J:\Proyectos VS\Silabas\Silabas.vcxproj" (el destino "ComputeRCGeneratedLinkInputs" depende de él):
     1>Compilación terminada del destino "ComputeRCOutputs" en el proyecto "Silabas.vcxproj".
     1>Destino "ComputeRCGeneratedLinkInputs" en el archivo "C:\Program Files (x86)\Microsoft Visual Studio\2017\Community\Common7\IDE\VC\VCTargets\Microsoft.CppBuild.targets" del proyecto "J:\Proyectos VS\Silabas\Silabas.vcxproj" (el destino "_Link" depende de él):
     1>Compilación terminada del destino "ComputeRCGeneratedLinkInputs" en el proyecto "Silabas.vcxproj".
     1>Destino "ComputeManifestGeneratedLinkerInputs" en el archivo "C:\Program Files (x86)\Microsoft Visual Studio\2017\Community\Common7\IDE\VC\VCTargets\Microsoft.CppBuild.targets" del proyecto "J:\Proyectos VS\Silabas\Silabas.vcxproj" (el destino "_Link" depende de él):
     1>Compilación terminada del destino "ComputeManifestGeneratedLinkerInputs" en el proyecto "Silabas.vcxproj".
     1>Destino "ComputeCustomBuildOutput" en el archivo "C:\Program Files (x86)\Microsoft Visual Studio\2017\Community\Common7\IDE\VC\VCTargets\Microsoft.CppBuild.targets" del proyecto "J:\Proyectos VS\Silabas\Silabas.vcxproj" (el destino "_Link" depende de él):
       Se omitió la tarea "CreateItem" debido a una condición falsa (False); ('%(CustomBuildDirsToMake.OutputFileToTool)'!='') se evaluó como (''!='').
       Tarea "MakeDir"
       Ejecución de la tarea "MakeDir" terminada.
     1>Compilación terminada del destino "ComputeCustomBuildOutput" en el proyecto "Silabas.vcxproj".
       Se omitió el destino "ComputeMIDLGeneratedCompileInputs". Compilado previamente de forma correcta.
       Se omitió el destino "ComputeCLInputPDBName". Compilado previamente de forma correcta.
       Se omitió el destino "ComputeReferenceCLInput". Compilado previamente de forma correcta.
       Se omitió el destino "WarnCompileDuplicatedFilename". Compilado previamente de forma correcta.
       Se omitió el destino "FixupCLCompileOptions". Compilado previamente de forma correcta.
     1>Destino "ComputeCLOutputs" en el archivo "C:\Program Files (x86)\Microsoft Visual Studio\2017\Community\Common7\IDE\VC\VCTargets\Microsoft.CppBuild.targets" del proyecto "J:\Proyectos VS\Silabas\Silabas.vcxproj" (el destino "ComputeCLGeneratedLinkInputs" depende de él):
     1>Compilación terminada del destino "ComputeCLOutputs" en el proyecto "Silabas.vcxproj".
     1>Destino "ComputeCLGeneratedLinkInputs" en el archivo "C:\Program Files (x86)\Microsoft Visual Studio\2017\Community\Common7\IDE\VC\VCTargets\Microsoft.CppBuild.targets" del proyecto "J:\Proyectos VS\Silabas\Silabas.vcxproj" (el destino "_Link" depende de él):
     1>Compilación terminada del destino "ComputeCLGeneratedLinkInputs" en el proyecto "Silabas.vcxproj".
     1>Destino "ComputeLinkInputsFromProject" en el archivo "C:\Program Files (x86)\Microsoft Visual Studio\2017\Community\Common7\IDE\VC\VCTargets\Microsoft.CppBuild.targets" del proyecto "J:\Proyectos VS\Silabas\Silabas.vcxproj" (el destino "_Link" depende de él):
     1>Compilación terminada del destino "ComputeLinkInputsFromProject" en el proyecto "Silabas.vcxproj".
       Se omitió el destino "ComputeReferenceLinkInputs" debido a una condición falsa (False); (@(ProjectReference) != '') se evaluó como ( != '').
     1>Destino "ComputeManifestInputsTargets" en el archivo "C:\Program Files (x86)\Microsoft Visual Studio\2017\Community\Common7\IDE\VC\VCTargets\Microsoft.CppBuild.targets" del proyecto "J:\Proyectos VS\Silabas\Silabas.vcxproj" (el destino "_Link" depende de él):
     1>Compilación terminada del destino "ComputeManifestInputsTargets" en el proyecto "Silabas.vcxproj".
       Se omitió el destino "ManifestResourceCompile" debido a una condición falsa (False); ('$(EmbedManifestBy)' == 'LINK' and '@(Manifest)' != '') se evaluó como ('LINK' == 'LINK' and '' != '').
       Se omitió el destino "AssignWinFXEmbeddedResource" debido a una condición falsa (False); ('@(WinFXEmbeddedResource)' != '') se evaluó como ('' != '').
     1>Destino "AssignTargetPaths" en el archivo "C:\Program Files (x86)\Microsoft Visual Studio\2017\Community\MSBuild\15.0\Bin\Microsoft.Common.CurrentVersion.targets" del proyecto "J:\Proyectos VS\Silabas\Silabas.vcxproj" (el destino "PrepareResourceNames" depende de él):
       Usando la tarea "AssignTargetPath" del ensamblado "Microsoft.Build.Tasks.Core, Version=15.1.0.0, Culture=neutral, PublicKeyToken=b03f5f7f11d50a3a".
       Tarea "AssignTargetPath"
       Ejecución de la tarea "AssignTargetPath" terminada.
       Tarea "AssignTargetPath"
       Ejecución de la tarea "AssignTargetPath" terminada.
       Tarea "AssignTargetPath"
       Ejecución de la tarea "AssignTargetPath" terminada.
       Tarea "AssignTargetPath"
       Ejecución de la tarea "AssignTargetPath" terminada.
       Se omitió la tarea "AssignTargetPath" debido a una condición falsa (False); ('@(_DeploymentBaseManifestWithTargetPath)'=='' and '%(None.Extension)'=='.manifest') se evaluó como (''=='' and ''=='.manifest').
     1>Compilación terminada del destino "AssignTargetPaths" en el proyecto "Silabas.vcxproj".
       Se omitió el destino "AssignTargetPaths". Compilado previamente de forma correcta.
     1>Destino "SplitResourcesByCulture" en el archivo "C:\Program Files (x86)\Microsoft Visual Studio\2017\Community\MSBuild\15.0\Bin\Microsoft.Common.CurrentVersion.targets" del proyecto "J:\Proyectos VS\Silabas\Silabas.vcxproj" (el destino "PrepareResourceNames" depende de él):
       Se omitió la tarea "Warning" debido a una condición falsa (False); ('@(ResxWithNoCulture)'!='') se evaluó como (''!='').
       Se omitió la tarea "Warning" debido a una condición falsa (False); ('@(ResxWithCulture)'!='') se evaluó como (''!='').
       Se omitió la tarea "Warning" debido a una condición falsa (False); ('@(NonResxWithCulture)'!='') se evaluó como (''!='').
       Se omitió la tarea "Warning" debido a una condición falsa (False); ('@(NonResxWithNoCulture)'!='') se evaluó como (''!='').
       Usando la tarea "AssignCulture" del ensamblado "Microsoft.Build.Tasks.Core, Version=15.1.0.0, Culture=neutral, PublicKeyToken=b03f5f7f11d50a3a".
       Tarea "AssignCulture"
       Ejecución de la tarea "AssignCulture" terminada.
     1>Compilación terminada del destino "SplitResourcesByCulture" en el proyecto "Silabas.vcxproj".
       Se omitió el destino "CreateManifestResourceNames" debido a una condición falsa (False); ('@(EmbeddedResource)' != '') se evaluó como ('' != '').
     1>Destino "CreateCustomManifestResourceNames" en el archivo "C:\Program Files (x86)\Microsoft Visual Studio\2017\Community\MSBuild\15.0\Bin\Microsoft.Common.CurrentVersion.targets" del proyecto "J:\Proyectos VS\Silabas\Silabas.vcxproj" (el destino "PrepareResourceNames" depende de él):
     1>Compilación terminada del destino "CreateCustomManifestResourceNames" en el proyecto "Silabas.vcxproj".
     1>Destino "PrepareResourceNames" en el archivo "C:\Program Files (x86)\Microsoft Visual Studio\2017\Community\MSBuild\15.0\Bin\Microsoft.Common.CurrentVersion.targets" del proyecto "J:\Proyectos VS\Silabas\Silabas.vcxproj" (el destino "_Link" depende de él):
     1>Compilación terminada del destino "PrepareResourceNames" en el proyecto "Silabas.vcxproj".
     1>Destino "MakeDirsForLink" en el archivo "C:\Program Files (x86)\Microsoft Visual Studio\2017\Community\Common7\IDE\VC\VCTargets\Microsoft.CppBuild.targets" del proyecto "J:\Proyectos VS\Silabas\Silabas.vcxproj" (el destino "_Link" depende de él):
       Tarea "MakeDir"
       Ejecución de la tarea "MakeDir" terminada.
     1>Compilación terminada del destino "MakeDirsForLink" en el proyecto "Silabas.vcxproj".
     1>Destino "DoLinkOutputFilesMatch" en el archivo "C:\Program Files (x86)\Microsoft Visual Studio\2017\Community\Common7\IDE\VC\VCTargets\Microsoft.CppBuild.targets" del proyecto "J:\Proyectos VS\Silabas\Silabas.vcxproj" (el destino "_Link" depende de él):
       Se omitió la tarea "VCMessage" debido a una condición falsa (False); ('@(_OutputFileFromLink)' == '') se evaluó como ('J:\Proyectos VS\Silabas\Debug\Silabas.exe' == '').
       Se omitió la tarea "VCMessage" debido a una condición falsa (False); ('@(_OutputFileFromLink)' != '' and '%(_OutputFileFromLink.FullPath)' != '$([System.IO.Path]::GetFullPath($(TargetPath)))') se evaluó como ('J:\Proyectos VS\Silabas\Debug\Silabas.exe' != '' and 'J:\Proyectos VS\Silabas\Debug\Silabas.exe' != 'J:\Proyectos VS\Silabas\Debug\Silabas.exe').
       Se omitió la tarea "VCMessage" debido a una condición falsa (False); ('@(_OutputFileFromLink)' != '' and '%(_OutputFileFromLink.Extension)' != '' and '%(_OutputFileFromLink.Extension)' != '$(TargetExt)') se evaluó como ('J:\Proyectos VS\Silabas\Debug\Silabas.exe' != '' and '.exe' != '' and '.exe' != '.exe').
       Se omitió la tarea "VCMessage" debido a una condición falsa (False); ('@(_OutputFileFromLink)' != '' and '%(_OutputFileFromLink.Filename)' != '' and '%(_OutputFileFromLink.Filename)' != '$(TargetName)') se evaluó como ('J:\Proyectos VS\Silabas\Debug\Silabas.exe' != '' and 'Silabas' != '' and 'Silabas' != 'Silabas').
       Se omitió la tarea "VCMessage" debido a una condición falsa (False); ('%(Link.MinimumRequiredVersion)' != '' and ('%(Link.Subsystem)' == '' or '%(Link.Subsystem)' == 'NotSet')) se evaluó como ('' != '' and ('' == '' or '' == 'NotSet')).
     1>Compilación terminada del destino "DoLinkOutputFilesMatch" en el proyecto "Silabas.vcxproj".
     1>Destino "PreLinkEvent" en el archivo "C:\Program Files (x86)\Microsoft Visual Studio\2017\Community\Common7\IDE\VC\VCTargets\Microsoft.CppCommon.targets" del proyecto "J:\Proyectos VS\Silabas\Silabas.vcxproj" (el destino "_Link" depende de él):
       Se omitió la tarea "Message" debido a una condición falsa (False); ('%(PreLinkEvent.Message)' != '' and '%(PreLinkEvent.Command)' != '') se evaluó como ('' != '' and '' != '').
       Se omitió la tarea "Exec" debido a una condición falsa (False); ('%(PreLinkEvent.Command)' != '') se evaluó como ('' != '').
     1>Compilación terminada del destino "PreLinkEvent" en el proyecto "Silabas.vcxproj".
     1>Destino "ComputeLinkSwitches" en el archivo "C:\Program Files (x86)\Microsoft Visual Studio\2017\Community\Common7\IDE\VC\VCTargets\Microsoft.CppCommon.targets" del proyecto "J:\Proyectos VS\Silabas\Silabas.vcxproj" (el destino "Link" depende de él):
     1>Compilación terminada del destino "ComputeLinkSwitches" en el proyecto "Silabas.vcxproj".
     1>Destino "Link" en el archivo "C:\Program Files (x86)\Microsoft Visual Studio\2017\Community\Common7\IDE\VC\VCTargets\Microsoft.CppCommon.targets" del proyecto "J:\Proyectos VS\Silabas\Silabas.vcxproj" (el destino "_Link" depende de él):
       Usando la tarea "Link" del ensamblado "C:\Program Files (x86)\Microsoft Visual Studio\2017\Community\Common7\IDE\VC\VCTargets\Microsoft.Build.CppTasks.Common.dll".
       Tarea "Link"
         Registros de seguimiento de escritura:
         	Debug\Silabas.tlog\link.write.1.tlog
         Registros de seguimiento de lectura:
         	Debug\Silabas.tlog\link.read.1.tlog
         Salidas para J:\PROYECTOS VS\SILABAS\DEBUG\MAIN.OBJ:
         	J:\PROYECTOS VS\SILABAS\DEBUG\SILABAS.EXE
         	J:\PROYECTOS VS\SILABAS\DEBUG\SILABAS.ILK
         	J:\PROYECTOS VS\SILABAS\DEBUG\SILABAS.PDB
         Entradas para J:\PROYECTOS VS\SILABAS\DEBUG\MAIN.OBJ:
         	C:\PROGRAM FILES (X86)\WINDOWS KITS\10\LIB\10.0.17134.0\UM\X86\KERNEL32.LIB
         	C:\PROGRAM FILES (X86)\WINDOWS KITS\10\LIB\10.0.17134.0\UM\X86\USER32.LIB
         	C:\PROGRAM FILES (X86)\WINDOWS KITS\10\LIB\10.0.17134.0\UM\X86\GDI32.LIB
         	C:\PROGRAM FILES (X86)\WINDOWS KITS\10\LIB\10.0.17134.0\UM\X86\WINSPOOL.LIB
         	C:\PROGRAM FILES (X86)\WINDOWS KITS\10\LIB\10.0.17134.0\UM\X86\COMDLG32.LIB
         	C:\PROGRAM FILES (X86)\WINDOWS KITS\10\LIB\10.0.17134.0\UM\X86\ADVAPI32.LIB
         	C:\PROGRAM FILES (X86)\WINDOWS KITS\10\LIB\10.0.17134.0\UM\X86\SHELL32.LIB
         	C:\PROGRAM FILES (X86)\WINDOWS KITS\10\LIB\10.0.17134.0\UM\X86\OLE32.LIB
         	C:\PROGRAM FILES (X86)\WINDOWS KITS\10\LIB\10.0.17134.0\UM\X86\OLEAUT32.LIB
         	C:\PROGRAM FILES (X86)\WINDOWS KITS\10\LIB\10.0.17134.0\UM\X86\UUID.LIB
         	C:\PROGRAM FILES (X86)\WINDOWS KITS\10\LIB\10.0.17134.0\UM\X86\ODBC32.LIB
         	C:\PROGRAM FILES (X86)\WINDOWS KITS\10\LIB\10.0.17134.0\UM\X86\ODBCCP32.LIB
         	J:\PROYECTOS VS\SILABAS\DEBUG\MAIN.OBJ
         	C:\WINDOWS\SYSTEM32\TZRES.DLL
         	C:\WINDOWS\GLOBALIZATION\SORTING\SORTDEFAULT.NLS
         	C:\PROGRAM FILES (X86)\MICROSOFT VISUAL STUDIO\2017\COMMUNITY\VC\TOOLS\MSVC\14.14.26428\LIB\X86\MSVCPRTD.LIB
         	C:\PROGRAM FILES (X86)\MICROSOFT VISUAL STUDIO\2017\COMMUNITY\VC\TOOLS\MSVC\14.14.26428\LIB\X86\MSVCRTD.LIB
         	C:\PROGRAM FILES (X86)\MICROSOFT VISUAL STUDIO\2017\COMMUNITY\VC\TOOLS\MSVC\14.14.26428\LIB\X86\OLDNAMES.LIB
         	C:\PROGRAM FILES (X86)\MICROSOFT VISUAL STUDIO\2017\COMMUNITY\VC\TOOLS\MSVC\14.14.26428\LIB\X86\VCRUNTIMED.LIB
         	C:\PROGRAM FILES (X86)\WINDOWS KITS\10\LIB\10.0.17134.0\UCRT\X86\UCRTD.LIB
         Es preciso compilar el origen: la entrada J:\PROYECTOS VS\SILABAS\DEBUG\MAIN.OBJ es más reciente que la salida J:\PROYECTOS VS\SILABAS\DEBUG\SILABAS.PDB.
         Variables de entorno pasadas a la herramienta:
           VS_UNICODE_OUTPUT=1380
         C:\Program Files (x86)\Microsoft Visual Studio\2017\Community\VC\Tools\MSVC\14.14.26428\bin\HostX86\x86\link.exe /ERRORREPORT:PROMPT /OUT:"J:\Proyectos VS\Silabas\Debug\Silabas.exe" /INCREMENTAL /NOLOGO kernel32.lib user32.lib gdi32.lib winspool.lib comdlg32.lib advapi32.lib shell32.lib ole32.lib oleaut32.lib uuid.lib odbc32.lib odbccp32.lib /MANIFEST /MANIFESTUAC:"level='asInvoker' uiAccess='false'" /manifest:embed /DEBUG:FASTLINK /PDB:"J:\Proyectos VS\Silabas\Debug\Silabas.pdb" /TLBID:1 /DYNAMICBASE /NXCOMPAT /IMPLIB:"J:\Proyectos VS\Silabas\Debug\Silabas.lib" /MACHINE:X86 Debug\main.obj
         Comando de seguimiento:
         C:\Program Files (x86)\Microsoft Visual Studio\2017\Community\MSBuild\15.0\Bin\Tracker.exe /a /d "C:\Program Files (x86)\MSBuild\15.0\FileTracker\FileTracker32.dll" /i "J:\Proyectos VS\Silabas\Debug\Silabas.tlog" /r "J:\PROYECTOS VS\SILABAS\DEBUG\MAIN.OBJ" /b MSBuildConsole_CancelEvent2ba1df845c5e44b9871d3a9ece1b79b5  /c "C:\Program Files (x86)\Microsoft Visual Studio\2017\Community\VC\Tools\MSVC\14.14.26428\bin\HostX86\x86\link.exe"  /ERRORREPORT:PROMPT /OUT:"J:\Proyectos VS\Silabas\Debug\Silabas.exe" /INCREMENTAL /NOLOGO kernel32.lib user32.lib gdi32.lib winspool.lib comdlg32.lib advapi32.lib shell32.lib ole32.lib oleaut32.lib uuid.lib odbc32.lib odbccp32.lib /MANIFEST /MANIFESTUAC:"level='asInvoker' uiAccess='false'" /manifest:embed /DEBUG:FASTLINK /PDB:"J:\Proyectos VS\Silabas\Debug\Silabas.pdb" /TLBID:1 /DYNAMICBASE /NXCOMPAT /IMPLIB:"J:\Proyectos VS\Silabas\Debug\Silabas.lib" /MACHINE:X86 Debug\main.obj
       Ejecución de la tarea "Link" terminada.
       Tarea "Message"
         Silabas.vcxproj -> J:\Proyectos VS\Silabas\Debug\Silabas.exe
       Ejecución de la tarea "Message" terminada.
       Se omitió la tarea "VCMessage" debido a una condición falsa (False); (('$(EmbedManifestBy)' != 'LINK' or '$(LegacyManifestEmbedding)' != 'true' or '$(LinkSkippedExecution)' == 'true') and
                    %(Link.GenerateDebugInformation) == 'DebugFastLink' and %(Link.ProgramDataBaseFileName) != '') se evaluó como (('LINK' != 'LINK' or '' != 'true' or 'False' == 'true') and
                    DebugFastLink == 'DebugFastLink' and  != '').
       Se omitió la tarea "VCMessage" debido a una condición falsa (False); (('$(EmbedManifestBy)' != 'LINK' or '$(LegacyManifestEmbedding)' != 'true' or '$(LinkSkippedExecution)' == 'true') and
                    %(Link.GenerateDebugInformation) == 'true' and %(Link.ProgramDataBaseFileName) != '') se evaluó como (('LINK' != 'LINK' or '' != 'true' or 'False' == 'true') and
                    DebugFastLink == 'true' and  != '').
     1>Compilación terminada del destino "Link" en el proyecto "Silabas.vcxproj".
       Se omitió el destino "MetaGenInputsOutputs" debido a una condición falsa (False); ('$(EnableManagedIncrementalBuild)' == 'True') se evaluó como ('false' == 'True').
       Se omitió el destino "ComputeMetaGenInputs" debido a una condición falsa (False); ('$(CLRSupport)'!='' and '$(CLRSupport)'!='false') se evaluó como ('false'!='' and 'false'!='false').
       Se omitió el destino "MetaGen" debido a una condición falsa (False); ('@(MetaGen)' != '') se evaluó como ('' != '').
     1>Destino "ComputeLinkImportLibraryOutputsForClean" en el archivo "C:\Program Files (x86)\Microsoft Visual Studio\2017\Community\Common7\IDE\VC\VCTargets\Microsoft.CppBuild.targets" del proyecto "J:\Proyectos VS\Silabas\Silabas.vcxproj" (el destino "_Link" depende de él):
       Se omitió la tarea "WriteLinesToFile" debido a una condición falsa (False); ('@(_LinkSecondaryOutput)' != '') se evaluó como ('' != '').
     1>Compilación terminada del destino "ComputeLinkImportLibraryOutputsForClean" en el proyecto "Silabas.vcxproj".
     1>Destino "AfterLink" en el archivo "C:\Program Files (x86)\Microsoft Visual Studio\2017\Community\Common7\IDE\VC\VCTargets\Microsoft.CppBuild.targets" del proyecto "J:\Proyectos VS\Silabas\Silabas.vcxproj" (el destino "_Link" depende de él):
     1>Compilación terminada del destino "AfterLink" en el proyecto "Silabas.vcxproj".
     1>Destino "_Link" en el archivo "C:\Program Files (x86)\Microsoft Visual Studio\2017\Community\Common7\IDE\VC\VCTargets\Microsoft.CppBuild.targets" del proyecto "J:\Proyectos VS\Silabas\Silabas.vcxproj" (el destino "_BuildLinkAction" depende de él):
     1>Compilación terminada del destino "_Link" en el proyecto "Silabas.vcxproj".
     1>Destino "_ALink" en el archivo "C:\Program Files (x86)\Microsoft Visual Studio\2017\Community\Common7\IDE\VC\VCTargets\Microsoft.CppBuild.targets" del proyecto "J:\Proyectos VS\Silabas\Silabas.vcxproj" (el destino "_BuildLinkAction" depende de él):
     1>Compilación terminada del destino "_ALink" en el proyecto "Silabas.vcxproj".
       Se omitió el destino "ComputeLegacyManifestEmbedding". Compilado previamente de forma correcta.
     1>Destino "_Manifest" en el archivo "C:\Program Files (x86)\Microsoft Visual Studio\2017\Community\Common7\IDE\VC\VCTargets\Microsoft.CppBuild.targets" del proyecto "J:\Proyectos VS\Silabas\Silabas.vcxproj" (el destino "_BuildLinkAction" depende de él):
       Se omitió la tarea "CallTarget" debido a una condición falsa (False); ('$(LegacyManifestEmbedding)' == 'true') se evaluó como ('' == 'true').
     1>Compilación terminada del destino "_Manifest" en el proyecto "Silabas.vcxproj".
     1>Destino "RegisterOutput" en el archivo "C:\Program Files (x86)\Microsoft Visual Studio\2017\Community\Common7\IDE\VC\VCTargets\Microsoft.CppCommon.targets" del proyecto "J:\Proyectos VS\Silabas\Silabas.vcxproj" (el destino "_BuildLinkAction" depende de él):
       Se omitió la tarea "Exec" debido a una condición falsa (False); ('$(ConfigurationType)'=='DynamicLibrary' and '%(Link.RegisterOutput)'=='true' and '%(Link.PerUserRedirection)'!='true') se evaluó como ('Application'=='DynamicLibrary' and 'false'=='true' and 'false'!='true').
       Se omitió la tarea "Exec" debido a una condición falsa (False); ('$(ConfigurationType)'=='DynamicLibrary' and '%(Link.RegisterOutput)'=='true' and '%(Link.PerUserRedirection)'=='true') se evaluó como ('Application'=='DynamicLibrary' and 'false'=='true' and 'false'=='true').
       Se omitió la tarea "Exec" debido a una condición falsa (False); ('$(ConfigurationType)'=='Application' and '%(Link.RegisterOutput)'=='true' and '%(Link.PerUserRedirection)'!='true') se evaluó como ('Application'=='Application' and 'false'=='true' and 'false'!='true').
       Se omitió la tarea "Exec" debido a una condición falsa (False); ('$(ConfigurationType)'=='Application' and '%(Link.RegisterOutput)'=='true' and '%(Link.PerUserRedirection)'=='true') se evaluó como ('Application'=='Application' and 'false'=='true' and 'false'=='true').
       Se omitió la tarea "VCMessage" debido a una condición falsa (False); ('$(_RegisterOutputExitCode)' != '' and '$(_RegisterOutputExitCode)' != '0') se evaluó como ('' != '' and '' != '0').
     1>Compilación terminada del destino "RegisterOutput" en el proyecto "Silabas.vcxproj".
       Se omitió el destino "PrepareForBuild". Compilado previamente de forma correcta.
       Se omitió el destino "ResolveReferences". Compilado previamente de forma correcta.
     1>Destino "ResolvedXDCMake" en el archivo "C:\Program Files (x86)\Microsoft Visual Studio\2017\Community\Common7\IDE\VC\VCTargets\Microsoft.CppBuild.targets" del proyecto "J:\Proyectos VS\Silabas\Silabas.vcxproj" (el destino "_XdcMake" depende de él):
       Se omitió la tarea "MSBuild" debido a una condición falsa (False); ('%(_MSBuildProjectReferenceExistent.Extension)' == '.vcxproj' and '@(ProjectReferenceWithConfiguration)' != '' and '@(_MSBuildProjectReferenceExistent)' != '' and '$(_ClCompileGenerateXMLDocumentationFiles)' == 'true') se evaluó como ('' == '.vcxproj' and '' != '' and '' != '' and '' == 'true').
     1>Compilación terminada del destino "ResolvedXDCMake" en el proyecto "Silabas.vcxproj".
     1>Destino "ComputeCLCompileGeneratedXDCFiles" en el archivo "C:\Program Files (x86)\Microsoft Visual Studio\2017\Community\Common7\IDE\VC\VCTargets\Microsoft.CppBuild.targets" del proyecto "J:\Proyectos VS\Silabas\Silabas.vcxproj" (el destino "_XdcMake" depende de él):
     1>Compilación terminada del destino "ComputeCLCompileGeneratedXDCFiles" en el proyecto "Silabas.vcxproj".
     1>Destino "MakeDirsForXdcMake" en el archivo "C:\Program Files (x86)\Microsoft Visual Studio\2017\Community\Common7\IDE\VC\VCTargets\Microsoft.CppBuild.targets" del proyecto "J:\Proyectos VS\Silabas\Silabas.vcxproj" (el destino "_XdcMake" depende de él):
       Tarea "MakeDir"
       Ejecución de la tarea "MakeDir" terminada.
     1>Compilación terminada del destino "MakeDirsForXdcMake" en el proyecto "Silabas.vcxproj".
       Se omitió el destino "XdcMake" debido a una condición falsa (False); ('@(XdcMake)' != '') se evaluó como ('' != '').
     1>Destino "_XdcMake" en el archivo "C:\Program Files (x86)\Microsoft Visual Studio\2017\Community\Common7\IDE\VC\VCTargets\Microsoft.CppBuild.targets" del proyecto "J:\Proyectos VS\Silabas\Silabas.vcxproj" (el destino "_BuildLinkAction" depende de él):
     1>Compilación terminada del destino "_XdcMake" en el proyecto "Silabas.vcxproj".
     1>Destino "ComputeCLCompileGeneratedSbrFiles" en el archivo "C:\Program Files (x86)\Microsoft Visual Studio\2017\Community\Common7\IDE\VC\VCTargets\Microsoft.CppBuild.targets" del proyecto "J:\Proyectos VS\Silabas\Silabas.vcxproj" (el destino "_BscMake" depende de él):
     1>Compilación terminada del destino "ComputeCLCompileGeneratedSbrFiles" en el proyecto "Silabas.vcxproj".
     1>Destino "MakeDirsForBscMake" en el archivo "C:\Program Files (x86)\Microsoft Visual Studio\2017\Community\Common7\IDE\VC\VCTargets\Microsoft.CppBuild.targets" del proyecto "J:\Proyectos VS\Silabas\Silabas.vcxproj" (el destino "_BscMake" depende de él):
       Tarea "MakeDir"
       Ejecución de la tarea "MakeDir" terminada.
     1>Compilación terminada del destino "MakeDirsForBscMake" en el proyecto "Silabas.vcxproj".
       Se omitió el destino "BscMake" debido a una condición falsa (False); ('@(BscMake)' != '') se evaluó como ('' != '').
       Se omitió el destino "CustomBuildStep" debido a una condición falsa (False); ('@(CustomBuildStep)' != '' and '$(SelectedFiles)'=='') se evaluó como ('' != '' and ''=='').
     1>Destino "_BscMake" en el archivo "C:\Program Files (x86)\Microsoft Visual Studio\2017\Community\Common7\IDE\VC\VCTargets\Microsoft.CppBuild.targets" del proyecto "J:\Proyectos VS\Silabas\Silabas.vcxproj" (el destino "_BuildLinkAction" depende de él):
     1>Compilación terminada del destino "_BscMake" en el proyecto "Silabas.vcxproj".
     1>Destino "_GenerateSatelliteAssemblyInputs" en el archivo "C:\Program Files (x86)\Microsoft Visual Studio\2017\Community\MSBuild\15.0\Bin\Microsoft.Common.CurrentVersion.targets" del proyecto "J:\Proyectos VS\Silabas\Silabas.vcxproj" (el destino "CreateSatelliteAssemblies" depende de él):
       Se omitió la tarea "Warning" debido a una condición falsa (False); ('@(ManifestResourceWithCulture)'!='' and '%(ManifestResourceWithCulture.EmittedForCompatibilityOnly)'=='') se evaluó como (''!='' and ''=='').
       Se omitió la tarea "Warning" debido a una condición falsa (False); ('@(ManifestNonResxWithCultureOnDisk)'!='' and '%(ManifestNonResxWithCultureOnDisk.EmittedForCompatibilityOnly)'=='') se evaluó como (''!='' and ''=='').
     1>Compilación terminada del destino "_GenerateSatelliteAssemblyInputs" en el proyecto "Silabas.vcxproj".
       Se omitió el destino "ComputeIntermediateSatelliteAssemblies" debido a una condición falsa (False); (@(ReferenceSatellitePaths->'%(DestinationSubDirectory)') != '') se evaluó como ( != '').
       Se omitió el destino "GenerateSatelliteAssemblies" debido a una condición falsa (False); ('@(_SatelliteAssemblyResourceInputs)' != '') se evaluó como ('' != '').
     1>Destino "CreateSatelliteAssemblies" en el archivo "C:\Program Files (x86)\Microsoft Visual Studio\2017\Community\MSBuild\15.0\Bin\Microsoft.Common.CurrentVersion.targets" del proyecto "J:\Proyectos VS\Silabas\Silabas.vcxproj" (el destino "_BuildLinkAction" depende de él):
     1>Compilación terminada del destino "CreateSatelliteAssemblies" en el proyecto "Silabas.vcxproj".
     1>Destino "_Appverifier" en el archivo "C:\Program Files (x86)\Microsoft Visual Studio\2017\Community\Common7\IDE\VC\VCTargets\Microsoft.CppBuild.targets" del proyecto "J:\Proyectos VS\Silabas\Silabas.vcxproj" (el destino "_BuildLinkAction" depende de él):
     1>Compilación terminada del destino "_Appverifier" en el proyecto "Silabas.vcxproj".
     1>Destino "_Deploy" en el archivo "C:\Program Files (x86)\Microsoft Visual Studio\2017\Community\Common7\IDE\VC\VCTargets\Microsoft.CppBuild.targets" del proyecto "J:\Proyectos VS\Silabas\Silabas.vcxproj" (el destino "_BuildLinkAction" depende de él):
     1>Compilación terminada del destino "_Deploy" en el proyecto "Silabas.vcxproj".
       Se omitió el destino "ComputeIntermediateSatelliteAssemblies" debido a una condición falsa (False); (@(ReferenceSatellitePaths->'%(DestinationSubDirectory)') != '') se evaluó como ( != '').
       Se omitió el destino "_CopyFilesMarkedCopyLocal" debido a una condición falsa (False); ('@(ReferenceCopyLocalPaths)' != '') se evaluó como ('' != '').
       Se omitió el destino "AssignTargetPaths". Compilado previamente de forma correcta.
       Se omitió el destino "_SplitProjectReferencesByFileExistence". Compilado previamente de forma correcta.
       Se omitió el destino "_GetProjectReferenceTargetFrameworkProperties". Compilado previamente de forma correcta.
     1>Destino "GetCopyToOutputDirectoryXamlAppDefs" en el archivo "C:\Windows\Microsoft.NET\Framework\v4.0.30319\Microsoft.Xaml.targets" del proyecto "J:\Proyectos VS\Silabas\Silabas.vcxproj" (el destino "GetCopyToOutputDirectoryItems" depende de él):
       Tarea "AssignTargetPath"
       Ejecución de la tarea "AssignTargetPath" terminada.
     1>Compilación terminada del destino "GetCopyToOutputDirectoryXamlAppDefs" en el proyecto "Silabas.vcxproj".
     1>Destino "GetCopyToOutputDirectoryItems" en el archivo "C:\Program Files (x86)\Microsoft Visual Studio\2017\Community\MSBuild\15.0\Bin\Microsoft.Common.CurrentVersion.targets" del proyecto "J:\Proyectos VS\Silabas\Silabas.vcxproj" (el destino "_CopySourceItemsToOutputDirectory" depende de él):
       Se omitió la tarea "MSBuild" debido a una condición falsa (False); ('@(_MSBuildProjectReferenceExistent)' != '' and '$(_GetChildProjectCopyToOutputDirectoryItems)' == 'true' and '%(_MSBuildProjectReferenceExistent.Private)' != 'false' and '$(UseCommonOutputDirectory)' != 'true') se evaluó como ('' != '' and 'true' == 'true' and '' != 'false' and 'false' != 'true').
       Tarea "AssignTargetPath"
       Ejecución de la tarea "AssignTargetPath" terminada.
     1>Compilación terminada del destino "GetCopyToOutputDirectoryItems" en el proyecto "Silabas.vcxproj".
       Se omitió el destino "_CopyOutOfDateSourceItemsToOutputDirectory" debido a una condición falsa (False); ( '@(_SourceItemsToCopyToOutputDirectory)' != '' ) se evaluó como ( '' != '' ).
       Se omitió el destino "_CopyOutOfDateSourceItemsToOutputDirectoryAlways" debido a una condición falsa (False); ( '@(_SourceItemsToCopyToOutputDirectoryAlways)' != '' ) se evaluó como ( '' != '' ).
     1>Destino "_CopySourceItemsToOutputDirectory" en el archivo "C:\Program Files (x86)\Microsoft Visual Studio\2017\Community\MSBuild\15.0\Bin\Microsoft.Common.CurrentVersion.targets" del proyecto "J:\Proyectos VS\Silabas\Silabas.vcxproj" (el destino "CopyFilesToOutputDirectory" depende de él):
     1>Compilación terminada del destino "_CopySourceItemsToOutputDirectory" en el proyecto "Silabas.vcxproj".
       Se omitió el destino "_CopyAppConfigFile" debido a una condición falsa (False); ( '@(AppConfigWithTargetPath)' != '' ) se evaluó como ( '' != '' ).
       Se omitió el destino "_CopyManifestFiles" debido a una condición falsa (False); ( '$(_DeploymentCopyApplicationManifest)'=='true' or '$(GenerateClickOnceManifests)'=='true' ) se evaluó como ( ''=='true' or ''=='true' ).
     1>Destino "_CheckForCompileOutputs" en el archivo "C:\Program Files (x86)\Microsoft Visual Studio\2017\Community\MSBuild\15.0\Bin\Microsoft.Common.CurrentVersion.targets" del proyecto "J:\Proyectos VS\Silabas\Silabas.vcxproj" (el destino "CopyFilesToOutputDirectory" depende de él):
     1>Compilación terminada del destino "_CheckForCompileOutputs" en el proyecto "Silabas.vcxproj".
       Se omitió el destino "_SGenCheckForOutputs" debido a una condición falsa (False); ('$(_SGenGenerateSerializationAssembliesConfig)' == 'On' or ('@(WebReferenceUrl)'!='' and '$(_SGenGenerateSerializationAssembliesConfig)' == 'Auto')) se evaluó como ('Off' == 'On' or (''!='' and 'Off' == 'Auto')).
     1>Destino "CopyFilesToOutputDirectory" en el archivo "C:\Program Files (x86)\Microsoft Visual Studio\2017\Community\MSBuild\15.0\Bin\Microsoft.Common.CurrentVersion.targets" del proyecto "J:\Proyectos VS\Silabas\Silabas.vcxproj" (el destino "PrepareForRun" depende de él):
       Se omitió la tarea "Copy" debido a una condición falsa (False); ('$(CopyBuildOutputToOutputDirectory)' == 'true' and '$(SkipCopyBuildProduct)' != 'true') se evaluó como ('true' == 'true' and 'true' != 'true').
       Se omitió la tarea "CopyRefAssembly" debido a una condición falsa (False); ('$(ProduceReferenceAssembly)' == 'true' and '$(CopyBuildOutputToOutputDirectory)' == 'true' and '$(SkipCopyBuildProduct)' != 'true') se evaluó como ('false' == 'true' and 'true' == 'true' and 'true' != 'true').
       Se omitió la tarea "Message" debido a una condición falsa (False); ('$(CopyBuildOutputToOutputDirectory)' == 'true' and '$(SkipCopyBuildProduct)'!='true') se evaluó como ('true' == 'true' and 'true'!='true').
       Se omitió la tarea "Copy" debido a una condición falsa (False); ('@(AddModules)' != '') se evaluó como ('' != '').
       Se omitió la tarea "Copy" debido a una condición falsa (False); ('$(_SGenDllCreated)'=='true') se evaluó como ('false'=='true').
       Usando la tarea "Copy" del ensamblado "Microsoft.Build.Tasks.Core, Version=15.1.0.0, Culture=neutral, PublicKeyToken=b03f5f7f11d50a3a".
       Tarea "Copy"
         No se copió del archivo "Debug\Silabas.pdb" en el archivo "J:\Proyectos VS\Silabas\Debug\Silabas.pdb" porque el parámetro "SkipUnchangedFiles" se estableció como "true" en el proyecto y los tamaños y las marcas de tiempo de los archivos coinciden.
       Ejecución de la tarea "Copy" terminada.
       Se omitió la tarea "Copy" debido a una condición falsa (False); ('$(_DocumentationFileProduced)'=='true') se evaluó como ('false'=='true').
       Se omitió la tarea "Copy" debido a una condición falsa (False); ('@(IntermediateSatelliteAssembliesWithTargetPath)' != '') se evaluó como ('' != '').
       Se omitió la tarea "Copy" debido a una condición falsa (False); ('@(ReferenceComWrappersToCopyLocal)' != '' or '@(ResolvedIsolatedComModules)' != '' or '@(_DeploymentLooseManifestFile)' != '' or '@(NativeReferenceFile)' != '' ) se evaluó como ('' != '' or '' != '' or '' != '' or '' != '' ).
       Se omitió la tarea "Copy" debido a una condición falsa (False); ('$(SkipCopyWinMDArtifact)' != 'true' and '@(WinMDExpArtifacts)' != '') se evaluó como ('' != 'true' and '' != '').
       Se omitió la tarea "Message" debido a una condición falsa (False); ('$(SkipCopyWinMDArtifact)' != 'true' and '$(_WindowsMetadataOutputPath)' != '') se evaluó como ('' != 'true' and '' != '').
     1>Compilación terminada del destino "CopyFilesToOutputDirectory" en el proyecto "Silabas.vcxproj".
     1>Destino "PrepareForRun" en el archivo "C:\Program Files (x86)\Microsoft Visual Studio\2017\Community\MSBuild\15.0\Bin\Microsoft.Common.CurrentVersion.targets" del proyecto "J:\Proyectos VS\Silabas\Silabas.vcxproj" (el destino "_BuildLinkAction" depende de él):
     1>Compilación terminada del destino "PrepareForRun" en el proyecto "Silabas.vcxproj".
       Se omitió el destino "CustomBuildStep" debido a una condición falsa (False); ('@(CustomBuildStep)' != '' and '$(SelectedFiles)'=='') se evaluó como ('' != '' and ''=='').
     1>Destino "PostBuildEvent" en el archivo "C:\Program Files (x86)\Microsoft Visual Studio\2017\Community\Common7\IDE\VC\VCTargets\Microsoft.CppCommon.targets" del proyecto "J:\Proyectos VS\Silabas\Silabas.vcxproj" (el destino "_BuildLinkAction" depende de él):
       Se omitió la tarea "Message" debido a una condición falsa (False); ('%(PostBuildEvent.Message)' != '' and '%(PostBuildEvent.Command)' != '') se evaluó como ('' != '' and '' != '').
       Se omitió la tarea "Exec" debido a una condición falsa (False); ('%(PostBuildEvent.Command)' != '') se evaluó como ('' != '').
     1>Compilación terminada del destino "PostBuildEvent" en el proyecto "Silabas.vcxproj".
     1>Destino "_BuildLinkAction" en el archivo "C:\Program Files (x86)\Microsoft Visual Studio\2017\Community\Common7\IDE\VC\VCTargets\Microsoft.CppBuild.targets" del proyecto "J:\Proyectos VS\Silabas\Silabas.vcxproj" (el destino "BuildLink" depende de él):
     1>Compilación terminada del destino "_BuildLinkAction" en el proyecto "Silabas.vcxproj".
     1>Destino "BuildLink" en el archivo "C:\Program Files (x86)\Microsoft Visual Studio\2017\Community\MSBuild\15.0\Bin\Microsoft.Common.CurrentVersion.targets" del proyecto "J:\Proyectos VS\Silabas\Silabas.vcxproj" (el destino "Build" depende de él):
     1>Compilación terminada del destino "BuildLink" en el proyecto "Silabas.vcxproj".
     1>Destino "AfterBuild" en el archivo "C:\Program Files (x86)\Microsoft Visual Studio\2017\Community\Common7\IDE\VC\VCTargets\Microsoft.BuildSteps.Targets" del proyecto "J:\Proyectos VS\Silabas\Silabas.vcxproj" (el destino "Build" depende de él):
     1>Compilación terminada del destino "AfterBuild" en el proyecto "Silabas.vcxproj".
     1>Destino "FinalizeBuildStatus" en el archivo "C:\Program Files (x86)\Microsoft Visual Studio\2017\Community\Common7\IDE\VC\VCTargets\Microsoft.CppBuild.targets" del proyecto "J:\Proyectos VS\Silabas\Silabas.vcxproj" (el destino "Build" depende de él):
       Usando la tarea "Delete" del ensamblado "Microsoft.Build.Tasks.Core, Version=15.1.0.0, Culture=neutral, PublicKeyToken=b03f5f7f11d50a3a".
       Tarea "Delete"
         Se eliminará el archivo "Debug\Silabas.tlog\unsuccessfulbuild".
       Ejecución de la tarea "Delete" terminada.
       Tarea "Touch"
         Aplicando tarea Touch a "Debug\Silabas.tlog\Silabas.lastbuildstate".
       Ejecución de la tarea "Touch" terminada.
     1>Compilación terminada del destino "FinalizeBuildStatus" en el proyecto "Silabas.vcxproj".
       Se omitió el destino "_CheckForInvalidConfigurationAndPlatform". Compilado previamente de forma correcta.
       Se omitió el destino "_CheckForInvalidConfigurationAndPlatform". Compilado previamente de forma correcta.
     1>Destino "Build" en el archivo "C:\Program Files (x86)\Microsoft Visual Studio\2017\Community\Common7\IDE\VC\VCTargets\Microsoft.BuildSteps.Targets" del proyecto "J:\Proyectos VS\Silabas\Silabas.vcxproj" (punto de entrada):
     1>Compilación terminada del destino "Build" en el proyecto "Silabas.vcxproj".
     1>Compilación del proyecto terminada "J:\Proyectos VS\Silabas\Silabas.vcxproj" (Build destinos).

Resumen del rendimiento del proyecto:
     1594 ms J:\Proyectos VS\Silabas\Silabas.vcxproj    1 llamadas
               1594 ms Build                                      1 llamadas

Resumen del rendimiento de destino:
        0 ms _ResourceCompile                           1 llamadas
        0 ms ComputeManifestGeneratedLinkerInputs       1 llamadas
        0 ms ComputeRCGeneratedLinkInputs               1 llamadas
        0 ms ComputeRCOutputs                           1 llamadas
        0 ms BeforeLink                                 1 llamadas
        0 ms BuildCompile                               1 llamadas
        0 ms _BuildCompileAction                        1 llamadas
        0 ms ComputeCLOutputs                           1 llamadas
        0 ms AfterBuildCompileEvent                     1 llamadas
        0 ms BeforeResourceCompile                      1 llamadas
        0 ms _ClCompile                                 1 llamadas
        0 ms AfterClCompile                             1 llamadas
        0 ms SelectClCompile                            1 llamadas
        0 ms SelectCustomBuild                          1 llamadas
        0 ms _SelectedFiles                             1 llamadas
        0 ms AfterResourceCompile                       1 llamadas
        0 ms ComputeLinkInputsFromProject               1 llamadas
        0 ms CreateCustomManifestResourceNames          1 llamadas
        0 ms PrepareResourceNames                       1 llamadas
        0 ms AfterBuild                                 1 llamadas
        0 ms BuildLink                                  1 llamadas
        0 ms _BuildLinkAction                           1 llamadas
        0 ms PostBuildEvent                             1 llamadas
        0 ms PrepareForRun                              1 llamadas
        0 ms _CopySourceItemsToOutputDirectory          1 llamadas
        0 ms _Deploy                                    1 llamadas
        0 ms _Appverifier                               1 llamadas
        0 ms CreateSatelliteAssemblies                  1 llamadas
        0 ms _BscMake                                   1 llamadas
        0 ms ResolvedXDCMake                            1 llamadas
        0 ms _ALink                                     1 llamadas
        0 ms _Link                                      1 llamadas
        0 ms AfterLink                                  1 llamadas
        0 ms ComputeLinkSwitches                        1 llamadas
        0 ms BeforeClCompile                            1 llamadas
        0 ms BuildCompileTraverse                       1 llamadas
        0 ms Build                                      1 llamadas
        0 ms _BuildGenerateSourcesAction                1 llamadas
        0 ms BeforeBuildGenerateSources                 1 llamadas
        0 ms AfterResolveReferences                     1 llamadas
        0 ms ResolveAssemblyReferences                  1 llamadas
        0 ms _Xsd                                       1 llamadas
        0 ms ExpandSDKReferences                        1 llamadas
        0 ms ResolveSDKReferences                       1 llamadas
        0 ms ComputeMIDLGeneratedCompileInputs          1 llamadas
        0 ms AfterMidl                                  1 llamadas
        0 ms _SplitProjectReferencesByFileExistence     1 llamadas
        0 ms _Midl                                      1 llamadas
        0 ms AfterBuildGenerateSources                  1 llamadas
        0 ms AfterBuildGenerateSourcesEvent             1 llamadas
        0 ms PrepareProjectReferences                   1 llamadas
        0 ms BuildGenerateSources                       1 llamadas
        0 ms Desktop_PlatformPrepareForBuild            1 llamadas
        0 ms BeforeResolveReferences                    1 llamadas
        0 ms GetResolvedWinMD                           1 llamadas
        0 ms BuildGenerateSourcesTraverse               1 llamadas
        0 ms ResolveReferences                          1 llamadas
        0 ms MakeDirsForBscMake                         1 llamadas
        0 ms MakeDirsForResourceCompile                 1 llamadas
        1 ms _XdcMake                                   1 llamadas
        1 ms ComputeLegacyManifestEmbedding             1 llamadas
        1 ms GetFrameworkPaths                          1 llamadas
        1 ms FixupCLCompileOptions                      1 llamadas
        1 ms ComputeCLInputPDBName                      1 llamadas
        1 ms _PrepareForBuild                           1 llamadas
        1 ms ComputeCLGeneratedLinkInputs               1 llamadas
        1 ms MakeDirsForLink                            1 llamadas
        1 ms PlatformPrepareForBuild                    1 llamadas
        1 ms ComputeReferenceCLInput                    1 llamadas
        1 ms RegisterOutput                             1 llamadas
        1 ms MakeDirsForMidl                            1 llamadas
        1 ms MakeDirsForCl                              1 llamadas
        1 ms PreBuildEvent                              1 llamadas
        1 ms PreLinkEvent                               1 llamadas
        1 ms WarnCompileDuplicatedFilename              1 llamadas
        1 ms BuildLinkTraverse                          1 llamadas
        1 ms ResolveProjectReferences                   1 llamadas
        1 ms GetReferenceAssemblyPaths                  1 llamadas
        1 ms SplitResourcesByCulture                    1 llamadas
        1 ms _PrepareForReferenceResolution             1 llamadas
        1 ms ComputeManifestInputsTargets               1 llamadas
        1 ms DoLinkOutputFilesMatch                     1 llamadas
        1 ms ComputeCustomBuildOutput                   1 llamadas
        1 ms MakeDirsForXdcMake                         1 llamadas
        1 ms _Manifest                                  1 llamadas
        1 ms GetCopyToOutputDirectoryXamlAppDefs        1 llamadas
        1 ms ComputeCLCompileGeneratedSbrFiles          1 llamadas
        1 ms ComputeCLCompileGeneratedXDCFiles          1 llamadas
        1 ms AssignProjectConfiguration                 1 llamadas
        1 ms SetBuildDefaultEnvironmentVariables        1 llamadas
        1 ms _GenerateSatelliteAssemblyInputs           1 llamadas
        1 ms ComputeLinkImportLibraryOutputsForClean    1 llamadas
        1 ms AssignTargetPaths                          1 llamadas
        1 ms SetTelemetryEnvironmentVariables           1 llamadas
        2 ms _CheckForCompileOutputs                    1 llamadas
        2 ms GetCopyToOutputDirectoryItems              1 llamadas
        2 ms _GetProjectReferenceTargetFrameworkProperties   1 llamadas
        3 ms InitializeBuildStatus                      1 llamadas
        4 ms _CheckForInvalidConfigurationAndPlatform   1 llamadas
        5 ms FinalizeBuildStatus                        1 llamadas
        6 ms CopyFilesToOutputDirectory                 1 llamadas
        7 ms PrepareForBuild                            1 llamadas
        8 ms SetCABuildNativeEnvironmentVariables       1 llamadas
      459 ms Link                                       1 llamadas
     1069 ms ClCompile                                  1 llamadas

Resumen del rendimiento de la tarea:
        0 ms Message                                    3 llamadas
        0 ms SetEnvironmentVariable                     1 llamadas
        0 ms AssignCulture                              1 llamadas
        1 ms AssignTargetPath                           6 llamadas
        1 ms WriteLinesToFile                           1 llamadas
        1 ms AssignProjectConfiguration                 1 llamadas
        1 ms ReadLinesFromFile                          1 llamadas
        1 ms MSBuild                                    1 llamadas
        1 ms Delete                                     1 llamadas
        2 ms SetEnv                                     7 llamadas
        3 ms MakeDir                                    9 llamadas
        3 ms Touch                                      2 llamadas
        5 ms Copy                                       1 llamadas
      456 ms Link                                       1 llamadas
     1068 ms CL                                         1 llamadas

Compilación correcta.
    0 Advertencia(s)
    0 Errores

Tiempo transcurrido 00:00:01.61
